<?xml version="1.0" encoding="UTF-8"?>
<!-- Generated by org.testng.reporters.JUnitXMLReporter -->
<testsuite ignored="11" hostname="LAPTOP-HTB7FUT0" failures="0" tests="1" name="Default test" time="6.8" errors="0" timestamp="2023-12-19T11:22:19 IST">
  <testcase classname="com.openCart.testCases.Register" name="TC_RF_021" time="1.444"/>
  <testcase classname="com.openCart.testCases.Register" name="TC_RF_008" time="0.0">
    <ignored/>
  </testcase> <!-- TC_RF_008 -->
  <testcase classname="com.openCart.testCases.Register" name="TC_RF_009" time="0.0">
    <ignored/>
  </testcase> <!-- TC_RF_009 -->
  <testcase classname="com.openCart.testCases.Register" name="TC_RF_006" time="0.0">
    <ignored/>
  </testcase> <!-- TC_RF_006 -->
  <testcase classname="com.openCart.testCases.Register" name="TC_RF_007" time="0.0">
    <ignored/>
  </testcase> <!-- TC_RF_007 -->
  <testcase classname="com.openCart.testCases.Register" name="TC_RF_012" time="0.0">
    <ignored/>
  </testcase> <!-- TC_RF_012 -->
  <testcase classname="com.openCart.testCases.Register" name="TC_RF_001" time="0.0">
    <ignored/>
  </testcase> <!-- TC_RF_001 -->
  <testcase classname="com.openCart.testCases.Register" name="TC_RF_020" time="0.0">
    <ignored/>
  </testcase> <!-- TC_RF_020 -->
  <testcase classname="com.openCart.testCases.Register" name="TC_RF_004" time="0.0">
    <ignored/>
  </testcase> <!-- TC_RF_004 -->
  <testcase classname="com.openCart.testCases.Register" name="TC_RF_005" time="0.0">
    <ignored/>
  </testcase> <!-- TC_RF_005 -->
  <testcase classname="com.openCart.testCases.Register" name="TC_RF_013" time="0.0">
    <ignored/>
  </testcase> <!-- TC_RF_013 -->
  <testcase classname="com.openCart.testCases.Register" name="TC_RF_003" time="0.0">
    <ignored/>
  </testcase> <!-- TC_RF_003 -->
</testsuite> <!-- Default test -->
