<?xml version="1.0" encoding="UTF-8"?>
<!-- Generated by org.testng.reporters.JUnitXMLReporter -->
<testsuite ignored="0" hostname="LAPTOP-HTB7FUT0" failures="0" tests="6" name="Default test" time="44.866" errors="0" timestamp="2023-12-11T11:16:43 IST">
  <testcase classname="com.openCart.testCases.Login" name="TC_LF_005" time="0.973"/>
  <testcase classname="com.openCart.testCases.Login" name="TC_LF_013" time="0.635"/>
  <testcase classname="com.openCart.testCases.Login" name="TC_LF_001" time="1.333"/>
  <testcase classname="com.openCart.testCases.Login" name="TC_LF_002" time="1.266"/>
  <testcase classname="com.openCart.testCases.Login" name="TC_LF_003" time="1.024"/>
  <testcase classname="com.openCart.testCases.Login" name="TC_LF_004" time="1.179"/>
</testsuite> <!-- Default test -->
