<?xml version="1.0" encoding="UTF-8"?>
<!-- Generated by org.testng.reporters.JUnitXMLReporter -->
<testsuite ignored="0" hostname="LAPTOP-HTB7FUT0" failures="0" tests="3" name="Default test" time="22.036" errors="0" timestamp="2023-12-14T11:33:40 IST">
  <testcase classname="com.openCart.testCases.Register" name="TC_RF_001" time="1.831"/>
  <testcase classname="com.openCart.testCases.Register" name="TC_RF_004" time="1.046"/>
  <testcase classname="com.openCart.testCases.Register" name="TC_RF_003" time="2.234"/>
</testsuite> <!-- Default test -->
