<?xml version="1.0" encoding="UTF-8"?>
<!-- Generated by org.testng.reporters.JUnitXMLReporter -->
<testsuite ignored="7" hostname="LAPTOP-HTB7FUT0" failures="0" tests="1" name="Default test" time="6.645" errors="0" timestamp="2023-12-13T09:34:28 IST">
  <testcase classname="com.openCart.testCases.Login" name="TC_LF_006" time="0.924"/>
  <testcase classname="com.openCart.testCases.Login" name="TC_LF_005" time="0.0">
    <ignored/>
  </testcase> <!-- TC_LF_005 -->
  <testcase classname="com.openCart.testCases.Login" name="TC_LF_008" time="0.0">
    <ignored/>
  </testcase> <!-- TC_LF_008 -->
  <testcase classname="com.openCart.testCases.Login" name="TC_LF_013" time="0.0">
    <ignored/>
  </testcase> <!-- TC_LF_013 -->
  <testcase classname="com.openCart.testCases.Login" name="TC_LF_002" time="0.0">
    <ignored/>
  </testcase> <!-- TC_LF_002 -->
  <testcase classname="com.openCart.testCases.Login" name="TC_LF_001" time="0.0">
    <ignored/>
  </testcase> <!-- TC_LF_001 -->
  <testcase classname="com.openCart.testCases.Login" name="TC_LF_004" time="0.0">
    <ignored/>
  </testcase> <!-- TC_LF_004 -->
  <testcase classname="com.openCart.testCases.Login" name="TC_LF_003" time="0.0">
    <ignored/>
  </testcase> <!-- TC_LF_003 -->
</testsuite> <!-- Default test -->
