<?xml version="1.0" encoding="UTF-8"?>
<!-- Generated by org.testng.reporters.JUnitXMLReporter -->
<testsuite ignored="1" hostname="LAPTOP-HTB7FUT0" failures="0" tests="1" name="Default test" time="10.541" errors="0" timestamp="2023-12-12T11:29:26 IST">
  <testcase classname="com.openCart.testCases.Register" name="TC_RF_001" time="2.497"/>
  <testcase classname="com.openCart.testCases.Register" name="TC_RF_004" time="0.0">
    <ignored/>
  </testcase> <!-- TC_RF_004 -->
</testsuite> <!-- Default test -->
