<?xml version="1.0" encoding="UTF-8"?>
<!-- Generated by org.testng.reporters.JUnitXMLReporter -->
<testsuite ignored="3" hostname="LAPTOP-HTB7FUT0" failures="0" tests="1" name="Default test" time="7.31" errors="0" timestamp="2023-12-18T11:09:39 IST">
  <testcase classname="com.openCart.testCases.AddToCart" name="TC_ATC_004" time="1.767"/>
  <testcase classname="com.openCart.testCases.AddToCart" name="TC_ATC_002" time="0.0">
    <ignored/>
  </testcase> <!-- TC_ATC_002 -->
  <testcase classname="com.openCart.testCases.AddToCart" name="TC_ATC_003" time="0.0">
    <ignored/>
  </testcase> <!-- TC_ATC_003 -->
  <testcase classname="com.openCart.testCases.AddToCart" name="TC_ATC_001" time="0.0">
    <ignored/>
  </testcase> <!-- TC_ATC_001 -->
</testsuite> <!-- Default test -->
