<?xml version="1.0" encoding="UTF-8"?>
<!-- Generated by org.testng.reporters.JUnitXMLReporter -->
<testsuite ignored="5" hostname="LAPTOP-HTB7FUT0" failures="0" tests="1" name="Default test" time="12.766" errors="0" timestamp="2023-12-08T15:47:41 IST">
  <testcase classname="com.openCart.testCases.Login" name="TC_LF_013" time="5.555"/>
  <testcase classname="com.openCart.testCases.Login" name="TC_LF_001" time="0.0">
    <ignored/>
  </testcase> <!-- TC_LF_001 -->
  <testcase classname="com.openCart.testCases.Login" name="TC_LF_002" time="0.0">
    <ignored/>
  </testcase> <!-- TC_LF_002 -->
  <testcase classname="com.openCart.testCases.Login" name="TC_LF_003" time="0.0">
    <ignored/>
  </testcase> <!-- TC_LF_003 -->
  <testcase classname="com.openCart.testCases.Login" name="TC_LF_004" time="0.0">
    <ignored/>
  </testcase> <!-- TC_LF_004 -->
  <testcase classname="com.openCart.testCases.Login" name="TC_LF_005" time="0.0">
    <ignored/>
  </testcase> <!-- TC_LF_005 -->
</testsuite> <!-- Default test -->
