<?xml version="1.0" encoding="UTF-8"?>
<!-- Generated by org.testng.reporters.JUnitXMLReporter -->
<testsuite ignored="0" hostname="LAPTOP-HTB7FUT0" failures="0" tests="14" name="Test" time="93.825" errors="0" timestamp="2023-12-13T09:39:16 IST">
  <testcase classname="com.openCart.testCases.Login" name="TC_LF_001" time="1.367"/>
  <testcase classname="com.openCart.testCases.Login" name="TC_LF_001" time="1.213"/>
  <testcase classname="com.openCart.testCases.Login" name="TC_LF_001" time="1.521"/>
  <testcase classname="com.openCart.testCases.Login" name="TC_LF_002" time="1.097"/>
  <testcase classname="com.openCart.testCases.Login" name="TC_LF_003" time="1.043"/>
  <testcase classname="com.openCart.testCases.Login" name="TC_LF_004" time="1.045"/>
  <testcase classname="com.openCart.testCases.Login" name="TC_LF_005" time="1.03"/>
  <testcase classname="com.openCart.testCases.Login" name="TC_LF_006" time="0.94"/>
  <testcase classname="com.openCart.testCases.Login" name="TC_LF_008" time="0.607"/>
  <testcase classname="com.openCart.testCases.Login" name="TC_LF_013" time="0.554"/>
  <testcase classname="com.openCart.testCases.Register" name="TC_RF_001" time="1.833"/>
  <testcase classname="com.openCart.testCases.Register" name="TC_RF_004" time="1.373"/>
  <testcase classname="com.openCart.testCases.Search" name="TC_SF_002" time="0.402"/>
  <testcase classname="com.openCart.testCases.Search" name="TC_SF_001" time="0.551"/>
</testsuite> <!-- Test -->
