<?xml version="1.0" encoding="UTF-8"?>
<!-- Generated by org.testng.reporters.JUnitXMLReporter -->
<testsuite ignored="0" hostname="LAPTOP-HTB7FUT0" failures="0" tests="3" name="Test" time="28.153" errors="0" timestamp="2023-12-18T10:40:35 IST">
  <testcase classname="com.openCart.testCases.AddToCart" name="TC_ATC_001" time="1.562"/>
  <testcase classname="com.openCart.testCases.AddToCart" name="TC_ATC_002" time="3.015"/>
  <testcase classname="com.openCart.testCases.AddToCart" name="TC_ATC_003" time="1.277"/>
</testsuite> <!-- Test -->
