<?xml version="1.0" encoding="UTF-8"?>
<!-- Generated by org.testng.reporters.JUnitXMLReporter -->
<testsuite ignored="0" hostname="LAPTOP-HTB7FUT0" failures="0" tests="24" name="Test" time="173.114" errors="0" timestamp="2023-12-18T10:50:37 IST">
  <testcase classname="com.openCart.testCases.AddToCart" name="TC_ATC_001" time="1.101"/>
  <testcase classname="com.openCart.testCases.AddToCart" name="TC_ATC_002" time="2.981"/>
  <testcase classname="com.openCart.testCases.AddToCart" name="TC_ATC_003" time="1.22"/>
  <testcase classname="com.openCart.testCases.Register" name="TC_RF_001" time="2.035"/>
  <testcase classname="com.openCart.testCases.Register" name="TC_RF_003" time="2.165"/>
  <testcase classname="com.openCart.testCases.Register" name="TC_RF_004" time="1.212"/>
  <testcase classname="com.openCart.testCases.Register" name="TC_RF_005" time="2.678"/>
  <testcase classname="com.openCart.testCases.Register" name="TC_RF_006" time="2.593"/>
  <testcase classname="com.openCart.testCases.Register" name="TC_RF_007" time="2.417"/>
  <testcase classname="com.openCart.testCases.Register" name="TC_RF_008" time="1.93"/>
  <testcase classname="com.openCart.testCases.Register" name="TC_RF_009" time="1.874"/>
  <testcase classname="com.openCart.testCases.Register" name="TC_RF_013" time="0.883"/>
  <testcase classname="com.openCart.testCases.Login" name="TC_LF_001" time="1.079"/>
  <testcase classname="com.openCart.testCases.Login" name="TC_LF_001" time="1.111"/>
  <testcase classname="com.openCart.testCases.Login" name="TC_LF_001" time="1.08"/>
  <testcase classname="com.openCart.testCases.Login" name="TC_LF_002" time="1.083"/>
  <testcase classname="com.openCart.testCases.Login" name="TC_LF_003" time="1.127"/>
  <testcase classname="com.openCart.testCases.Login" name="TC_LF_004" time="1.074"/>
  <testcase classname="com.openCart.testCases.Login" name="TC_LF_005" time="1.085"/>
  <testcase classname="com.openCart.testCases.Login" name="TC_LF_006" time="0.837"/>
  <testcase classname="com.openCart.testCases.Login" name="TC_LF_008" time="0.571"/>
  <testcase classname="com.openCart.testCases.Login" name="TC_LF_013" time="0.613"/>
  <testcase classname="com.openCart.testCases.Search" name="TC_SF_001" time="0.617"/>
  <testcase classname="com.openCart.testCases.Search" name="TC_SF_002" time="1.818"/>
</testsuite> <!-- Test -->
