<?xml version="1.0" encoding="UTF-8"?>
<!-- Generated by org.testng.reporters.JUnitXMLReporter -->
<testsuite ignored="0" hostname="LAPTOP-HTB7FUT0" failures="0" tests="12" name="Test" time="119.688" errors="0" timestamp="2023-12-19T11:41:24 IST">
  <testcase classname="com.openCart.testCases.Register" name="TC_RF_001" time="1.964"/>
  <testcase classname="com.openCart.testCases.Register" name="TC_RF_003" time="2.417"/>
  <testcase classname="com.openCart.testCases.Register" name="TC_RF_004" time="1.194"/>
  <testcase classname="com.openCart.testCases.Register" name="TC_RF_005" time="2.959"/>
  <testcase classname="com.openCart.testCases.Register" name="TC_RF_006" time="2.79"/>
  <testcase classname="com.openCart.testCases.Register" name="TC_RF_007" time="11.965"/>
  <testcase classname="com.openCart.testCases.Register" name="TC_RF_008" time="2.468"/>
  <testcase classname="com.openCart.testCases.Register" name="TC_RF_009" time="2.716"/>
  <testcase classname="com.openCart.testCases.Register" name="TC_RF_012" time="2.366"/>
  <testcase classname="com.openCart.testCases.Register" name="TC_RF_013" time="4.104"/>
  <testcase classname="com.openCart.testCases.Register" name="TC_RF_020" time="0.901"/>
  <testcase classname="com.openCart.testCases.Register" name="TC_RF_021" time="1.89"/>
</testsuite> <!-- Test -->
