<?xml version="1.0" encoding="UTF-8"?>
<testng-results ignored="0" total="24" passed="24" failed="0" skipped="0">
  <reporter-output>
  </reporter-output>
  <suite started-at="2023-12-18T10:47:44 IST" name="Suite" finished-at="2023-12-18T10:50:37 IST" duration-ms="173114">
    <groups>
    </groups>
    <test started-at="2023-12-18T10:47:44 IST" name="Test" finished-at="2023-12-18T10:50:37 IST" duration-ms="173114">
      <class name="com.openCart.testCases.Search">
        <test-method is-config="true" signature="setUp()[pri:0, instance:com.openCart.testCases.Search@4cc451f2]" started-at="2023-12-18T10:50:23 IST" name="setUp" finished-at="2023-12-18T10:50:28 IST" duration-ms="4784" status="PASS">
          <reporter-output>
          </reporter-output>
        </test-method> <!-- setUp -->
        <test-method signature="TC_SF_001()[pri:1, instance:com.openCart.testCases.Search@4cc451f2]" started-at="2023-12-18T10:50:28 IST" name="TC_SF_001" finished-at="2023-12-18T10:50:29 IST" duration-ms="617" status="PASS">
          <reporter-output>
          </reporter-output>
        </test-method> <!-- TC_SF_001 -->
        <test-method is-config="true" signature="tearDown()[pri:0, instance:com.openCart.testCases.Search@4cc451f2]" started-at="2023-12-18T10:50:29 IST" name="tearDown" finished-at="2023-12-18T10:50:30 IST" duration-ms="1001" status="PASS">
          <reporter-output>
          </reporter-output>
        </test-method> <!-- tearDown -->
        <test-method is-config="true" signature="setUp()[pri:0, instance:com.openCart.testCases.Search@4cc451f2]" started-at="2023-12-18T10:50:30 IST" name="setUp" finished-at="2023-12-18T10:50:34 IST" duration-ms="4716" status="PASS">
          <reporter-output>
          </reporter-output>
        </test-method> <!-- setUp -->
        <test-method signature="TC_SF_002()[pri:2, instance:com.openCart.testCases.Search@4cc451f2]" started-at="2023-12-18T10:50:34 IST" name="TC_SF_002" finished-at="2023-12-18T10:50:36 IST" duration-ms="1818" status="PASS">
          <reporter-output>
          </reporter-output>
        </test-method> <!-- TC_SF_002 -->
        <test-method is-config="true" signature="tearDown()[pri:0, instance:com.openCart.testCases.Search@4cc451f2]" started-at="2023-12-18T10:50:36 IST" name="tearDown" finished-at="2023-12-18T10:50:37 IST" duration-ms="840" status="PASS">
          <reporter-output>
          </reporter-output>
        </test-method> <!-- tearDown -->
      </class> <!-- com.openCart.testCases.Search -->
      <class name="com.openCart.testCases.Login">
        <test-method is-config="true" signature="setUp()[pri:0, instance:com.openCart.testCases.Login@4a94ee4]" started-at="2023-12-18T10:49:16 IST" name="setUp" finished-at="2023-12-18T10:49:21 IST" duration-ms="4965" status="PASS">
          <reporter-output>
          </reporter-output>
        </test-method> <!-- setUp -->
        <test-method signature="TC_LF_001(java.lang.String,java.lang.String)[pri:1, instance:com.openCart.testCases.Login@4a94ee4]" started-at="2023-12-18T10:49:21 IST" name="TC_LF_001" data-provider="testData" finished-at="2023-12-18T10:49:22 IST" duration-ms="1079" status="PASS">
          <params>
            <param index="0">
              <value>
                <![CDATA[bajay1@gmail.com]]>
              </value>
            </param>
            <param index="1">
              <value>
                <![CDATA[12345]]>
              </value>
            </param>
          </params>
          <reporter-output>
          </reporter-output>
        </test-method> <!-- TC_LF_001 -->
        <test-method is-config="true" signature="tearDown()[pri:0, instance:com.openCart.testCases.Login@4a94ee4]" started-at="2023-12-18T10:49:22 IST" name="tearDown" finished-at="2023-12-18T10:49:23 IST" duration-ms="803" status="PASS">
          <reporter-output>
          </reporter-output>
        </test-method> <!-- tearDown -->
        <test-method is-config="true" signature="setUp()[pri:0, instance:com.openCart.testCases.Login@4a94ee4]" started-at="2023-12-18T10:49:23 IST" name="setUp" finished-at="2023-12-18T10:49:28 IST" duration-ms="4903" status="PASS">
          <reporter-output>
          </reporter-output>
        </test-method> <!-- setUp -->
        <test-method signature="TC_LF_001(java.lang.String,java.lang.String)[pri:1, instance:com.openCart.testCases.Login@4a94ee4]" started-at="2023-12-18T10:49:28 IST" name="TC_LF_001" data-provider="testData" finished-at="2023-12-18T10:49:29 IST" duration-ms="1111" status="PASS">
          <params>
            <param index="0">
              <value>
                <![CDATA[bajay2@gmail.com]]>
              </value>
            </param>
            <param index="1">
              <value>
                <![CDATA[123456]]>
              </value>
            </param>
          </params>
          <reporter-output>
          </reporter-output>
        </test-method> <!-- TC_LF_001 -->
        <test-method is-config="true" signature="tearDown()[pri:0, instance:com.openCart.testCases.Login@4a94ee4]" started-at="2023-12-18T10:49:29 IST" name="tearDown" finished-at="2023-12-18T10:49:30 IST" duration-ms="897" status="PASS">
          <reporter-output>
          </reporter-output>
        </test-method> <!-- tearDown -->
        <test-method is-config="true" signature="setUp()[pri:0, instance:com.openCart.testCases.Login@4a94ee4]" started-at="2023-12-18T10:49:30 IST" name="setUp" finished-at="2023-12-18T10:49:35 IST" duration-ms="4891" status="PASS">
          <reporter-output>
          </reporter-output>
        </test-method> <!-- setUp -->
        <test-method signature="TC_LF_001(java.lang.String,java.lang.String)[pri:1, instance:com.openCart.testCases.Login@4a94ee4]" started-at="2023-12-18T10:49:35 IST" name="TC_LF_001" data-provider="testData" finished-at="2023-12-18T10:49:36 IST" duration-ms="1080" status="PASS">
          <params>
            <param index="0">
              <value>
                <![CDATA[bajay3@gmail.com]]>
              </value>
            </param>
            <param index="1">
              <value>
                <![CDATA[123456]]>
              </value>
            </param>
          </params>
          <reporter-output>
          </reporter-output>
        </test-method> <!-- TC_LF_001 -->
        <test-method is-config="true" signature="tearDown()[pri:0, instance:com.openCart.testCases.Login@4a94ee4]" started-at="2023-12-18T10:49:36 IST" name="tearDown" finished-at="2023-12-18T10:49:37 IST" duration-ms="913" status="PASS">
          <reporter-output>
          </reporter-output>
        </test-method> <!-- tearDown -->
        <test-method is-config="true" signature="setUp()[pri:0, instance:com.openCart.testCases.Login@4a94ee4]" started-at="2023-12-18T10:49:37 IST" name="setUp" finished-at="2023-12-18T10:49:42 IST" duration-ms="5009" status="PASS">
          <reporter-output>
          </reporter-output>
        </test-method> <!-- setUp -->
        <test-method signature="TC_LF_002()[pri:2, instance:com.openCart.testCases.Login@4a94ee4]" started-at="2023-12-18T10:49:42 IST" name="TC_LF_002" finished-at="2023-12-18T10:49:43 IST" duration-ms="1083" status="PASS">
          <reporter-output>
          </reporter-output>
        </test-method> <!-- TC_LF_002 -->
        <test-method is-config="true" signature="tearDown()[pri:0, instance:com.openCart.testCases.Login@4a94ee4]" started-at="2023-12-18T10:49:43 IST" name="tearDown" finished-at="2023-12-18T10:49:43 IST" duration-ms="814" status="PASS">
          <reporter-output>
          </reporter-output>
        </test-method> <!-- tearDown -->
        <test-method is-config="true" signature="setUp()[pri:0, instance:com.openCart.testCases.Login@4a94ee4]" started-at="2023-12-18T10:49:43 IST" name="setUp" finished-at="2023-12-18T10:49:48 IST" duration-ms="4911" status="PASS">
          <reporter-output>
          </reporter-output>
        </test-method> <!-- setUp -->
        <test-method signature="TC_LF_003()[pri:3, instance:com.openCart.testCases.Login@4a94ee4]" started-at="2023-12-18T10:49:48 IST" name="TC_LF_003" finished-at="2023-12-18T10:49:49 IST" duration-ms="1127" status="PASS">
          <reporter-output>
          </reporter-output>
        </test-method> <!-- TC_LF_003 -->
        <test-method is-config="true" signature="tearDown()[pri:0, instance:com.openCart.testCases.Login@4a94ee4]" started-at="2023-12-18T10:49:49 IST" name="tearDown" finished-at="2023-12-18T10:49:50 IST" duration-ms="810" status="PASS">
          <reporter-output>
          </reporter-output>
        </test-method> <!-- tearDown -->
        <test-method is-config="true" signature="setUp()[pri:0, instance:com.openCart.testCases.Login@4a94ee4]" started-at="2023-12-18T10:49:50 IST" name="setUp" finished-at="2023-12-18T10:49:55 IST" duration-ms="4781" status="PASS">
          <reporter-output>
          </reporter-output>
        </test-method> <!-- setUp -->
        <test-method signature="TC_LF_004()[pri:4, instance:com.openCart.testCases.Login@4a94ee4]" started-at="2023-12-18T10:49:55 IST" name="TC_LF_004" finished-at="2023-12-18T10:49:56 IST" duration-ms="1074" status="PASS">
          <reporter-output>
          </reporter-output>
        </test-method> <!-- TC_LF_004 -->
        <test-method is-config="true" signature="tearDown()[pri:0, instance:com.openCart.testCases.Login@4a94ee4]" started-at="2023-12-18T10:49:56 IST" name="tearDown" finished-at="2023-12-18T10:49:57 IST" duration-ms="813" status="PASS">
          <reporter-output>
          </reporter-output>
        </test-method> <!-- tearDown -->
        <test-method is-config="true" signature="setUp()[pri:0, instance:com.openCart.testCases.Login@4a94ee4]" started-at="2023-12-18T10:49:57 IST" name="setUp" finished-at="2023-12-18T10:50:02 IST" duration-ms="4945" status="PASS">
          <reporter-output>
          </reporter-output>
        </test-method> <!-- setUp -->
        <test-method signature="TC_LF_005()[pri:5, instance:com.openCart.testCases.Login@4a94ee4]" started-at="2023-12-18T10:50:02 IST" name="TC_LF_005" finished-at="2023-12-18T10:50:03 IST" duration-ms="1085" status="PASS">
          <reporter-output>
          </reporter-output>
        </test-method> <!-- TC_LF_005 -->
        <test-method is-config="true" signature="tearDown()[pri:0, instance:com.openCart.testCases.Login@4a94ee4]" started-at="2023-12-18T10:50:03 IST" name="tearDown" finished-at="2023-12-18T10:50:04 IST" duration-ms="882" status="PASS">
          <reporter-output>
          </reporter-output>
        </test-method> <!-- tearDown -->
        <test-method is-config="true" signature="setUp()[pri:0, instance:com.openCart.testCases.Login@4a94ee4]" started-at="2023-12-18T10:50:04 IST" name="setUp" finished-at="2023-12-18T10:50:09 IST" duration-ms="4688" status="PASS">
          <reporter-output>
          </reporter-output>
        </test-method> <!-- setUp -->
        <test-method signature="TC_LF_006()[pri:6, instance:com.openCart.testCases.Login@4a94ee4]" started-at="2023-12-18T10:50:09 IST" name="TC_LF_006" finished-at="2023-12-18T10:50:09 IST" duration-ms="837" status="PASS">
          <reporter-output>
          </reporter-output>
        </test-method> <!-- TC_LF_006 -->
        <test-method is-config="true" signature="tearDown()[pri:0, instance:com.openCart.testCases.Login@4a94ee4]" started-at="2023-12-18T10:50:09 IST" name="tearDown" finished-at="2023-12-18T10:50:10 IST" duration-ms="828" status="PASS">
          <reporter-output>
          </reporter-output>
        </test-method> <!-- tearDown -->
        <test-method is-config="true" signature="setUp()[pri:0, instance:com.openCart.testCases.Login@4a94ee4]" started-at="2023-12-18T10:50:10 IST" name="setUp" finished-at="2023-12-18T10:50:15 IST" duration-ms="4900" status="PASS">
          <reporter-output>
          </reporter-output>
        </test-method> <!-- setUp -->
        <test-method signature="TC_LF_008()[pri:7, instance:com.openCart.testCases.Login@4a94ee4]" started-at="2023-12-18T10:50:15 IST" name="TC_LF_008" finished-at="2023-12-18T10:50:16 IST" duration-ms="571" status="PASS">
          <reporter-output>
          </reporter-output>
        </test-method> <!-- TC_LF_008 -->
        <test-method is-config="true" signature="tearDown()[pri:0, instance:com.openCart.testCases.Login@4a94ee4]" started-at="2023-12-18T10:50:16 IST" name="tearDown" finished-at="2023-12-18T10:50:17 IST" duration-ms="811" status="PASS">
          <reporter-output>
          </reporter-output>
        </test-method> <!-- tearDown -->
        <test-method is-config="true" signature="setUp()[pri:0, instance:com.openCart.testCases.Login@4a94ee4]" started-at="2023-12-18T10:50:17 IST" name="setUp" finished-at="2023-12-18T10:50:21 IST" duration-ms="4936" status="PASS">
          <reporter-output>
          </reporter-output>
        </test-method> <!-- setUp -->
        <test-method signature="TC_LF_013()[pri:8, instance:com.openCart.testCases.Login@4a94ee4]" started-at="2023-12-18T10:50:21 IST" name="TC_LF_013" finished-at="2023-12-18T10:50:22 IST" duration-ms="613" status="PASS">
          <reporter-output>
          </reporter-output>
        </test-method> <!-- TC_LF_013 -->
        <test-method is-config="true" signature="tearDown()[pri:0, instance:com.openCart.testCases.Login@4a94ee4]" started-at="2023-12-18T10:50:22 IST" name="tearDown" finished-at="2023-12-18T10:50:23 IST" duration-ms="1043" status="PASS">
          <reporter-output>
          </reporter-output>
        </test-method> <!-- tearDown -->
      </class> <!-- com.openCart.testCases.Login -->
      <class name="com.openCart.testCases.AddToCart">
        <test-method is-config="true" signature="setUp()[pri:0, instance:com.openCart.testCases.AddToCart@402bba4f]" started-at="2023-12-18T10:47:44 IST" name="setUp" finished-at="2023-12-18T10:47:50 IST" duration-ms="5674" status="PASS">
          <reporter-output>
          </reporter-output>
        </test-method> <!-- setUp -->
        <test-method signature="TC_ATC_001()[pri:1, instance:com.openCart.testCases.AddToCart@402bba4f]" started-at="2023-12-18T10:47:50 IST" name="TC_ATC_001" finished-at="2023-12-18T10:47:51 IST" duration-ms="1101" status="PASS">
          <reporter-output>
          </reporter-output>
        </test-method> <!-- TC_ATC_001 -->
        <test-method is-config="true" signature="tearDown()[pri:0, instance:com.openCart.testCases.AddToCart@402bba4f]" started-at="2023-12-18T10:47:51 IST" name="tearDown" finished-at="2023-12-18T10:47:52 IST" duration-ms="844" status="PASS">
          <reporter-output>
          </reporter-output>
        </test-method> <!-- tearDown -->
        <test-method is-config="true" signature="setUp()[pri:0, instance:com.openCart.testCases.AddToCart@402bba4f]" started-at="2023-12-18T10:47:52 IST" name="setUp" finished-at="2023-12-18T10:47:56 IST" duration-ms="4689" status="PASS">
          <reporter-output>
          </reporter-output>
        </test-method> <!-- setUp -->
        <test-method signature="TC_ATC_002()[pri:2, instance:com.openCart.testCases.AddToCart@402bba4f]" started-at="2023-12-18T10:47:56 IST" name="TC_ATC_002" finished-at="2023-12-18T10:47:59 IST" duration-ms="2981" status="PASS">
          <reporter-output>
          </reporter-output>
        </test-method> <!-- TC_ATC_002 -->
        <test-method is-config="true" signature="tearDown()[pri:0, instance:com.openCart.testCases.AddToCart@402bba4f]" started-at="2023-12-18T10:47:59 IST" name="tearDown" finished-at="2023-12-18T10:48:00 IST" duration-ms="843" status="PASS">
          <reporter-output>
          </reporter-output>
        </test-method> <!-- tearDown -->
        <test-method is-config="true" signature="setUp()[pri:0, instance:com.openCart.testCases.AddToCart@402bba4f]" started-at="2023-12-18T10:48:00 IST" name="setUp" finished-at="2023-12-18T10:48:05 IST" duration-ms="4790" status="PASS">
          <reporter-output>
          </reporter-output>
        </test-method> <!-- setUp -->
        <test-method signature="TC_ATC_003()[pri:3, instance:com.openCart.testCases.AddToCart@402bba4f]" started-at="2023-12-18T10:48:05 IST" name="TC_ATC_003" finished-at="2023-12-18T10:48:06 IST" duration-ms="1220" status="PASS">
          <reporter-output>
          </reporter-output>
        </test-method> <!-- TC_ATC_003 -->
        <test-method is-config="true" signature="tearDown()[pri:0, instance:com.openCart.testCases.AddToCart@402bba4f]" started-at="2023-12-18T10:48:06 IST" name="tearDown" finished-at="2023-12-18T10:48:07 IST" duration-ms="958" status="PASS">
          <reporter-output>
          </reporter-output>
        </test-method> <!-- tearDown -->
      </class> <!-- com.openCart.testCases.AddToCart -->
      <class name="com.openCart.testCases.Register">
        <test-method is-config="true" signature="setUp()[pri:0, instance:com.openCart.testCases.Register@7b9a4292]" started-at="2023-12-18T10:48:07 IST" name="setUp" finished-at="2023-12-18T10:48:12 IST" duration-ms="4802" status="PASS">
          <reporter-output>
          </reporter-output>
        </test-method> <!-- setUp -->
        <test-method signature="TC_RF_001()[pri:1, instance:com.openCart.testCases.Register@7b9a4292]" started-at="2023-12-18T10:48:12 IST" name="TC_RF_001" finished-at="2023-12-18T10:48:14 IST" duration-ms="2035" status="PASS">
          <reporter-output>
          </reporter-output>
        </test-method> <!-- TC_RF_001 -->
        <test-method is-config="true" signature="tearDown()[pri:0, instance:com.openCart.testCases.Register@7b9a4292]" started-at="2023-12-18T10:48:14 IST" name="tearDown" finished-at="2023-12-18T10:48:15 IST" duration-ms="784" status="PASS">
          <reporter-output>
          </reporter-output>
        </test-method> <!-- tearDown -->
        <test-method is-config="true" signature="setUp()[pri:0, instance:com.openCart.testCases.Register@7b9a4292]" started-at="2023-12-18T10:48:15 IST" name="setUp" finished-at="2023-12-18T10:48:20 IST" duration-ms="4868" status="PASS">
          <reporter-output>
          </reporter-output>
        </test-method> <!-- setUp -->
        <test-method signature="TC_RF_003()[pri:3, instance:com.openCart.testCases.Register@7b9a4292]" started-at="2023-12-18T10:48:20 IST" name="TC_RF_003" finished-at="2023-12-18T10:48:22 IST" duration-ms="2165" status="PASS">
          <reporter-output>
          </reporter-output>
        </test-method> <!-- TC_RF_003 -->
        <test-method is-config="true" signature="tearDown()[pri:0, instance:com.openCart.testCases.Register@7b9a4292]" started-at="2023-12-18T10:48:22 IST" name="tearDown" finished-at="2023-12-18T10:48:23 IST" duration-ms="835" status="PASS">
          <reporter-output>
          </reporter-output>
        </test-method> <!-- tearDown -->
        <test-method is-config="true" signature="setUp()[pri:0, instance:com.openCart.testCases.Register@7b9a4292]" started-at="2023-12-18T10:48:23 IST" name="setUp" finished-at="2023-12-18T10:48:27 IST" duration-ms="4792" status="PASS">
          <reporter-output>
          </reporter-output>
        </test-method> <!-- setUp -->
        <test-method signature="TC_RF_004()[pri:4, instance:com.openCart.testCases.Register@7b9a4292]" started-at="2023-12-18T10:48:27 IST" name="TC_RF_004" finished-at="2023-12-18T10:48:29 IST" duration-ms="1212" status="PASS">
          <reporter-output>
          </reporter-output>
        </test-method> <!-- TC_RF_004 -->
        <test-method is-config="true" signature="tearDown()[pri:0, instance:com.openCart.testCases.Register@7b9a4292]" started-at="2023-12-18T10:48:29 IST" name="tearDown" finished-at="2023-12-18T10:48:29 IST" duration-ms="784" status="PASS">
          <reporter-output>
          </reporter-output>
        </test-method> <!-- tearDown -->
        <test-method is-config="true" signature="setUp()[pri:0, instance:com.openCart.testCases.Register@7b9a4292]" started-at="2023-12-18T10:48:29 IST" name="setUp" finished-at="2023-12-18T10:48:34 IST" duration-ms="4696" status="PASS">
          <reporter-output>
          </reporter-output>
        </test-method> <!-- setUp -->
        <test-method signature="TC_RF_005()[pri:5, instance:com.openCart.testCases.Register@7b9a4292]" started-at="2023-12-18T10:48:34 IST" name="TC_RF_005" finished-at="2023-12-18T10:48:37 IST" duration-ms="2678" status="PASS">
          <reporter-output>
          </reporter-output>
        </test-method> <!-- TC_RF_005 -->
        <test-method is-config="true" signature="tearDown()[pri:0, instance:com.openCart.testCases.Register@7b9a4292]" started-at="2023-12-18T10:48:37 IST" name="tearDown" finished-at="2023-12-18T10:48:38 IST" duration-ms="833" status="PASS">
          <reporter-output>
          </reporter-output>
        </test-method> <!-- tearDown -->
        <test-method is-config="true" signature="setUp()[pri:0, instance:com.openCart.testCases.Register@7b9a4292]" started-at="2023-12-18T10:48:38 IST" name="setUp" finished-at="2023-12-18T10:48:42 IST" duration-ms="4756" status="PASS">
          <reporter-output>
          </reporter-output>
        </test-method> <!-- setUp -->
        <test-method signature="TC_RF_006()[pri:6, instance:com.openCart.testCases.Register@7b9a4292]" started-at="2023-12-18T10:48:42 IST" name="TC_RF_006" finished-at="2023-12-18T10:48:45 IST" duration-ms="2593" status="PASS">
          <reporter-output>
          </reporter-output>
        </test-method> <!-- TC_RF_006 -->
        <test-method is-config="true" signature="tearDown()[pri:0, instance:com.openCart.testCases.Register@7b9a4292]" started-at="2023-12-18T10:48:45 IST" name="tearDown" finished-at="2023-12-18T10:48:46 IST" duration-ms="825" status="PASS">
          <reporter-output>
          </reporter-output>
        </test-method> <!-- tearDown -->
        <test-method is-config="true" signature="setUp()[pri:0, instance:com.openCart.testCases.Register@7b9a4292]" started-at="2023-12-18T10:48:46 IST" name="setUp" finished-at="2023-12-18T10:48:51 IST" duration-ms="4818" status="PASS">
          <reporter-output>
          </reporter-output>
        </test-method> <!-- setUp -->
        <test-method signature="TC_RF_007()[pri:7, instance:com.openCart.testCases.Register@7b9a4292]" started-at="2023-12-18T10:48:51 IST" name="TC_RF_007" finished-at="2023-12-18T10:48:53 IST" duration-ms="2417" status="PASS">
          <reporter-output>
          </reporter-output>
        </test-method> <!-- TC_RF_007 -->
        <test-method is-config="true" signature="tearDown()[pri:0, instance:com.openCart.testCases.Register@7b9a4292]" started-at="2023-12-18T10:48:53 IST" name="tearDown" finished-at="2023-12-18T10:48:54 IST" duration-ms="908" status="PASS">
          <reporter-output>
          </reporter-output>
        </test-method> <!-- tearDown -->
        <test-method is-config="true" signature="setUp()[pri:0, instance:com.openCart.testCases.Register@7b9a4292]" started-at="2023-12-18T10:48:54 IST" name="setUp" finished-at="2023-12-18T10:48:59 IST" duration-ms="4868" status="PASS">
          <reporter-output>
          </reporter-output>
        </test-method> <!-- setUp -->
        <test-method signature="TC_RF_008()[pri:8, instance:com.openCart.testCases.Register@7b9a4292]" started-at="2023-12-18T10:48:59 IST" name="TC_RF_008" finished-at="2023-12-18T10:49:01 IST" duration-ms="1930" status="PASS">
          <reporter-output>
          </reporter-output>
        </test-method> <!-- TC_RF_008 -->
        <test-method is-config="true" signature="tearDown()[pri:0, instance:com.openCart.testCases.Register@7b9a4292]" started-at="2023-12-18T10:49:01 IST" name="tearDown" finished-at="2023-12-18T10:49:02 IST" duration-ms="807" status="PASS">
          <reporter-output>
          </reporter-output>
        </test-method> <!-- tearDown -->
        <test-method is-config="true" signature="setUp()[pri:0, instance:com.openCart.testCases.Register@7b9a4292]" started-at="2023-12-18T10:49:02 IST" name="setUp" finished-at="2023-12-18T10:49:07 IST" duration-ms="5054" status="PASS">
          <reporter-output>
          </reporter-output>
        </test-method> <!-- setUp -->
        <test-method signature="TC_RF_009()[pri:9, instance:com.openCart.testCases.Register@7b9a4292]" started-at="2023-12-18T10:49:07 IST" name="TC_RF_009" finished-at="2023-12-18T10:49:08 IST" duration-ms="1874" status="PASS">
          <reporter-output>
          </reporter-output>
        </test-method> <!-- TC_RF_009 -->
        <test-method is-config="true" signature="tearDown()[pri:0, instance:com.openCart.testCases.Register@7b9a4292]" started-at="2023-12-18T10:49:08 IST" name="tearDown" finished-at="2023-12-18T10:49:09 IST" duration-ms="931" status="PASS">
          <reporter-output>
          </reporter-output>
        </test-method> <!-- tearDown -->
        <test-method is-config="true" signature="setUp()[pri:0, instance:com.openCart.testCases.Register@7b9a4292]" started-at="2023-12-18T10:49:09 IST" name="setUp" finished-at="2023-12-18T10:49:14 IST" duration-ms="4833" status="PASS">
          <reporter-output>
          </reporter-output>
        </test-method> <!-- setUp -->
        <test-method signature="TC_RF_013()[pri:13, instance:com.openCart.testCases.Register@7b9a4292]" started-at="2023-12-18T10:49:14 IST" name="TC_RF_013" finished-at="2023-12-18T10:49:15 IST" duration-ms="883" status="PASS">
          <reporter-output>
          </reporter-output>
        </test-method> <!-- TC_RF_013 -->
        <test-method is-config="true" signature="tearDown()[pri:0, instance:com.openCart.testCases.Register@7b9a4292]" started-at="2023-12-18T10:49:15 IST" name="tearDown" finished-at="2023-12-18T10:49:16 IST" duration-ms="809" status="PASS">
          <reporter-output>
          </reporter-output>
        </test-method> <!-- tearDown -->
      </class> <!-- com.openCart.testCases.Register -->
    </test> <!-- Test -->
  </suite> <!-- Suite -->
</testng-results>
