<?xml version="1.0" encoding="UTF-8"?>
<testng-results ignored="0" total="12" passed="12" failed="0" skipped="0">
  <reporter-output>
  </reporter-output>
  <suite started-at="2023-12-19T11:39:22 IST" name="Suite" finished-at="2023-12-19T11:41:21 IST" duration-ms="119688">
    <groups>
    </groups>
    <test started-at="2023-12-19T11:39:22 IST" name="Test" finished-at="2023-12-19T11:41:21 IST" duration-ms="119688">
      <class name="com.openCart.testCases.Register">
        <test-method is-config="true" signature="setUp()[pri:0, instance:com.openCart.testCases.Register@619713e5]" started-at="2023-12-19T11:39:22 IST" name="setUp" finished-at="2023-12-19T11:39:30 IST" duration-ms="7907" status="PASS">
          <reporter-output>
          </reporter-output>
        </test-method> <!-- setUp -->
        <test-method signature="TC_RF_001()[pri:1, instance:com.openCart.testCases.Register@619713e5]" started-at="2023-12-19T11:39:30 IST" name="TC_RF_001" finished-at="2023-12-19T11:39:32 IST" duration-ms="1964" status="PASS">
          <reporter-output>
          </reporter-output>
        </test-method> <!-- TC_RF_001 -->
        <test-method is-config="true" signature="tearDown()[pri:0, instance:com.openCart.testCases.Register@619713e5]" started-at="2023-12-19T11:39:32 IST" name="tearDown" finished-at="2023-12-19T11:39:32 IST" duration-ms="0" status="PASS">
          <reporter-output>
          </reporter-output>
        </test-method> <!-- tearDown -->
        <test-method is-config="true" signature="setUp()[pri:0, instance:com.openCart.testCases.Register@619713e5]" started-at="2023-12-19T11:39:32 IST" name="setUp" finished-at="2023-12-19T11:39:37 IST" duration-ms="5242" status="PASS">
          <reporter-output>
          </reporter-output>
        </test-method> <!-- setUp -->
        <test-method signature="TC_RF_003()[pri:3, instance:com.openCart.testCases.Register@619713e5]" started-at="2023-12-19T11:39:37 IST" name="TC_RF_003" finished-at="2023-12-19T11:39:39 IST" duration-ms="2417" status="PASS">
          <reporter-output>
          </reporter-output>
        </test-method> <!-- TC_RF_003 -->
        <test-method is-config="true" signature="tearDown()[pri:0, instance:com.openCart.testCases.Register@619713e5]" started-at="2023-12-19T11:39:39 IST" name="tearDown" finished-at="2023-12-19T11:39:39 IST" duration-ms="0" status="PASS">
          <reporter-output>
          </reporter-output>
        </test-method> <!-- tearDown -->
        <test-method is-config="true" signature="setUp()[pri:0, instance:com.openCart.testCases.Register@619713e5]" started-at="2023-12-19T11:39:39 IST" name="setUp" finished-at="2023-12-19T11:39:45 IST" duration-ms="5367" status="PASS">
          <reporter-output>
          </reporter-output>
        </test-method> <!-- setUp -->
        <test-method signature="TC_RF_004()[pri:4, instance:com.openCart.testCases.Register@619713e5]" started-at="2023-12-19T11:39:45 IST" name="TC_RF_004" finished-at="2023-12-19T11:39:46 IST" duration-ms="1194" status="PASS">
          <reporter-output>
          </reporter-output>
        </test-method> <!-- TC_RF_004 -->
        <test-method is-config="true" signature="tearDown()[pri:0, instance:com.openCart.testCases.Register@619713e5]" started-at="2023-12-19T11:39:46 IST" name="tearDown" finished-at="2023-12-19T11:39:46 IST" duration-ms="0" status="PASS">
          <reporter-output>
          </reporter-output>
        </test-method> <!-- tearDown -->
        <test-method is-config="true" signature="setUp()[pri:0, instance:com.openCart.testCases.Register@619713e5]" started-at="2023-12-19T11:39:46 IST" name="setUp" finished-at="2023-12-19T11:39:52 IST" duration-ms="5516" status="PASS">
          <reporter-output>
          </reporter-output>
        </test-method> <!-- setUp -->
        <test-method signature="TC_RF_005()[pri:5, instance:com.openCart.testCases.Register@619713e5]" started-at="2023-12-19T11:39:52 IST" name="TC_RF_005" finished-at="2023-12-19T11:39:54 IST" duration-ms="2959" status="PASS">
          <reporter-output>
          </reporter-output>
        </test-method> <!-- TC_RF_005 -->
        <test-method is-config="true" signature="tearDown()[pri:0, instance:com.openCart.testCases.Register@619713e5]" started-at="2023-12-19T11:39:54 IST" name="tearDown" finished-at="2023-12-19T11:39:54 IST" duration-ms="0" status="PASS">
          <reporter-output>
          </reporter-output>
        </test-method> <!-- tearDown -->
        <test-method is-config="true" signature="setUp()[pri:0, instance:com.openCart.testCases.Register@619713e5]" started-at="2023-12-19T11:39:54 IST" name="setUp" finished-at="2023-12-19T11:40:00 IST" duration-ms="5999" status="PASS">
          <reporter-output>
          </reporter-output>
        </test-method> <!-- setUp -->
        <test-method signature="TC_RF_006()[pri:6, instance:com.openCart.testCases.Register@619713e5]" started-at="2023-12-19T11:40:00 IST" name="TC_RF_006" finished-at="2023-12-19T11:40:03 IST" duration-ms="2790" status="PASS">
          <reporter-output>
          </reporter-output>
        </test-method> <!-- TC_RF_006 -->
        <test-method is-config="true" signature="tearDown()[pri:0, instance:com.openCart.testCases.Register@619713e5]" started-at="2023-12-19T11:40:03 IST" name="tearDown" finished-at="2023-12-19T11:40:03 IST" duration-ms="1" status="PASS">
          <reporter-output>
          </reporter-output>
        </test-method> <!-- tearDown -->
        <test-method is-config="true" signature="setUp()[pri:0, instance:com.openCart.testCases.Register@619713e5]" started-at="2023-12-19T11:40:03 IST" name="setUp" finished-at="2023-12-19T11:40:10 IST" duration-ms="6884" status="PASS">
          <reporter-output>
          </reporter-output>
        </test-method> <!-- setUp -->
        <test-method signature="TC_RF_007()[pri:7, instance:com.openCart.testCases.Register@619713e5]" started-at="2023-12-19T11:40:10 IST" name="TC_RF_007" finished-at="2023-12-19T11:40:22 IST" duration-ms="11965" status="PASS">
          <reporter-output>
          </reporter-output>
        </test-method> <!-- TC_RF_007 -->
        <test-method is-config="true" signature="tearDown()[pri:0, instance:com.openCart.testCases.Register@619713e5]" started-at="2023-12-19T11:40:22 IST" name="tearDown" finished-at="2023-12-19T11:40:22 IST" duration-ms="1" status="PASS">
          <reporter-output>
          </reporter-output>
        </test-method> <!-- tearDown -->
        <test-method is-config="true" signature="setUp()[pri:0, instance:com.openCart.testCases.Register@619713e5]" started-at="2023-12-19T11:40:22 IST" name="setUp" finished-at="2023-12-19T11:40:28 IST" duration-ms="6212" status="PASS">
          <reporter-output>
          </reporter-output>
        </test-method> <!-- setUp -->
        <test-method signature="TC_RF_008()[pri:8, instance:com.openCart.testCases.Register@619713e5]" started-at="2023-12-19T11:40:28 IST" name="TC_RF_008" finished-at="2023-12-19T11:40:31 IST" duration-ms="2468" status="PASS">
          <reporter-output>
          </reporter-output>
        </test-method> <!-- TC_RF_008 -->
        <test-method is-config="true" signature="tearDown()[pri:0, instance:com.openCart.testCases.Register@619713e5]" started-at="2023-12-19T11:40:31 IST" name="tearDown" finished-at="2023-12-19T11:40:31 IST" duration-ms="1" status="PASS">
          <reporter-output>
          </reporter-output>
        </test-method> <!-- tearDown -->
        <test-method is-config="true" signature="setUp()[pri:0, instance:com.openCart.testCases.Register@619713e5]" started-at="2023-12-19T11:40:31 IST" name="setUp" finished-at="2023-12-19T11:40:39 IST" duration-ms="7955" status="PASS">
          <reporter-output>
          </reporter-output>
        </test-method> <!-- setUp -->
        <test-method signature="TC_RF_009()[pri:9, instance:com.openCart.testCases.Register@619713e5]" started-at="2023-12-19T11:40:39 IST" name="TC_RF_009" finished-at="2023-12-19T11:40:41 IST" duration-ms="2716" status="PASS">
          <reporter-output>
          </reporter-output>
        </test-method> <!-- TC_RF_009 -->
        <test-method is-config="true" signature="tearDown()[pri:0, instance:com.openCart.testCases.Register@619713e5]" started-at="2023-12-19T11:40:41 IST" name="tearDown" finished-at="2023-12-19T11:40:41 IST" duration-ms="0" status="PASS">
          <reporter-output>
          </reporter-output>
        </test-method> <!-- tearDown -->
        <test-method is-config="true" signature="setUp()[pri:0, instance:com.openCart.testCases.Register@619713e5]" started-at="2023-12-19T11:40:41 IST" name="setUp" finished-at="2023-12-19T11:40:47 IST" duration-ms="5721" status="PASS">
          <reporter-output>
          </reporter-output>
        </test-method> <!-- setUp -->
        <test-method signature="TC_RF_012()[pri:12, instance:com.openCart.testCases.Register@619713e5]" started-at="2023-12-19T11:40:47 IST" name="TC_RF_012" finished-at="2023-12-19T11:40:50 IST" duration-ms="2366" status="PASS">
          <reporter-output>
          </reporter-output>
        </test-method> <!-- TC_RF_012 -->
        <test-method is-config="true" signature="tearDown()[pri:0, instance:com.openCart.testCases.Register@619713e5]" started-at="2023-12-19T11:40:50 IST" name="tearDown" finished-at="2023-12-19T11:40:50 IST" duration-ms="0" status="PASS">
          <reporter-output>
          </reporter-output>
        </test-method> <!-- tearDown -->
        <test-method is-config="true" signature="setUp()[pri:0, instance:com.openCart.testCases.Register@619713e5]" started-at="2023-12-19T11:40:50 IST" name="setUp" finished-at="2023-12-19T11:40:57 IST" duration-ms="7228" status="PASS">
          <reporter-output>
          </reporter-output>
        </test-method> <!-- setUp -->
        <test-method signature="TC_RF_013()[pri:13, instance:com.openCart.testCases.Register@619713e5]" started-at="2023-12-19T11:40:57 IST" name="TC_RF_013" finished-at="2023-12-19T11:41:01 IST" duration-ms="4104" status="PASS">
          <reporter-output>
          </reporter-output>
        </test-method> <!-- TC_RF_013 -->
        <test-method is-config="true" signature="setUp()[pri:0, instance:com.openCart.testCases.Register@619713e5]" started-at="2023-12-19T11:41:01 IST" name="setUp" finished-at="2023-12-19T11:41:11 IST" duration-ms="10533" status="PASS">
          <reporter-output>
          </reporter-output>
        </test-method> <!-- setUp -->
        <test-method is-config="true" signature="tearDown()[pri:0, instance:com.openCart.testCases.Register@619713e5]" started-at="2023-12-19T11:41:01 IST" name="tearDown" finished-at="2023-12-19T11:41:01 IST" duration-ms="0" status="PASS">
          <reporter-output>
          </reporter-output>
        </test-method> <!-- tearDown -->
        <test-method signature="TC_RF_020()[pri:20, instance:com.openCart.testCases.Register@619713e5]" started-at="2023-12-19T11:41:11 IST" name="TC_RF_020" finished-at="2023-12-19T11:41:12 IST" duration-ms="901" status="PASS">
          <reporter-output>
          </reporter-output>
        </test-method> <!-- TC_RF_020 -->
        <test-method is-config="true" signature="tearDown()[pri:0, instance:com.openCart.testCases.Register@619713e5]" started-at="2023-12-19T11:41:12 IST" name="tearDown" finished-at="2023-12-19T11:41:12 IST" duration-ms="0" status="PASS">
          <reporter-output>
          </reporter-output>
        </test-method> <!-- tearDown -->
        <test-method is-config="true" signature="setUp()[pri:0, instance:com.openCart.testCases.Register@619713e5]" started-at="2023-12-19T11:41:12 IST" name="setUp" finished-at="2023-12-19T11:41:19 IST" duration-ms="7070" status="PASS">
          <reporter-output>
          </reporter-output>
        </test-method> <!-- setUp -->
        <test-method signature="TC_RF_021()[pri:21, instance:com.openCart.testCases.Register@619713e5]" started-at="2023-12-19T11:41:19 IST" name="TC_RF_021" finished-at="2023-12-19T11:41:21 IST" duration-ms="1890" status="PASS">
          <reporter-output>
          </reporter-output>
        </test-method> <!-- TC_RF_021 -->
        <test-method is-config="true" signature="tearDown()[pri:0, instance:com.openCart.testCases.Register@619713e5]" started-at="2023-12-19T11:41:21 IST" name="tearDown" finished-at="2023-12-19T11:41:21 IST" duration-ms="0" status="PASS">
          <reporter-output>
          </reporter-output>
        </test-method> <!-- tearDown -->
      </class> <!-- com.openCart.testCases.Register -->
    </test> <!-- Test -->
  </suite> <!-- Suite -->
</testng-results>
