<?xml version="1.0" encoding="UTF-8"?>
<testsuite xmlns:xsi="http://www.w3.org/2001/XMLSchema-instance" xsi:noNamespaceSchemaLocation="https://maven.apache.org/surefire/maven-surefire-plugin/xsd/surefire-test-report-3.0.xsd" version="3.0" name="TestSuite" time="123.079" tests="12" errors="0" skipped="0" failures="0">
  <properties>
[...]
</properties>
  <testcase name="TC_RF_001" classname="com.openCart.testCases.Register" time="1.963">
    <system-err><![CDATA[SLF4J: Failed to load class "org.slf4j.impl.StaticLoggerBinder".
SLF4J: Defaulting to no-operation (NOP) logger implementation
SLF4J: See http://www.slf4j.org/codes.html#StaticLoggerBinder for further details.
]]></system-err>
  </testcase>
  <testcase name="TC_RF_003" classname="com.openCart.testCases.Register" time="2.418"/>
  <testcase name="TC_RF_004" classname="com.openCart.testCases.Register" time="1.194"/>
  <testcase name="TC_RF_005" classname="com.openCart.testCases.Register" time="2.959"/>
  <testcase name="TC_RF_006" classname="com.openCart.testCases.Register" time="2.787"/>
  <testcase name="TC_RF_007" classname="com.openCart.testCases.Register" time="11.973"/>
  <testcase name="TC_RF_008" classname="com.openCart.testCases.Register" time="2.465"/>
  <testcase name="TC_RF_009" classname="com.openCart.testCases.Register" time="2.715"/>
  <testcase name="TC_RF_012" classname="com.openCart.testCases.Register" time="2.366"/>
  <testcase name="TC_RF_013" classname="com.openCart.testCases.Register" time="4.1"/>
  <testcase name="TC_RF_020" classname="com.openCart.testCases.Register" time="0.911"/>
  <testcase name="TC_RF_021" classname="com.openCart.testCases.Register" time="1.884"/>
</testsuite>