<?xml version="1.0" encoding="UTF-8"?>
<!-- Generated by org.testng.reporters.JUnitXMLReporter -->
<testsuite ignored="0" hostname="LAPTOP-HTB7FUT0" failures="0" tests="8" name="tutorialsninja function test" time="52.555" errors="0" timestamp="2023-12-08T11:25:56 IST">
  <testcase classname="com.openCart.testCases.Login" name="TC_LF_001" time="1.381"/>
  <testcase classname="com.openCart.testCases.Login" name="TC_LF_002" time="1.094"/>
  <testcase classname="com.openCart.testCases.Login" name="TC_LF_003" time="0.939"/>
  <testcase classname="com.openCart.testCases.Login" name="TC_LF_004" time="1.177"/>
  <testcase classname="com.openCart.testCases.Register" name="TC_RF_001" time="1.97"/>
  <testcase classname="com.openCart.testCases.Register" name="TC_RF_004" time="1.053"/>
  <testcase classname="com.openCart.testCases.Search" name="TC_SF_002" time="0.389"/>
  <testcase classname="com.openCart.testCases.Search" name="TC_SF_001" time="0.544"/>
</testsuite> <!-- tutorialsninja function test -->
