<?xml version="1.0" encoding="UTF-8"?>
<testng-results ignored="0" total="8" passed="8" failed="0" skipped="0">
  <reporter-output>
  </reporter-output>
  <suite started-at="2023-12-15T11:52:53 IST" name="Suite" finished-at="2023-12-15T11:54:03 IST" duration-ms="69326">
    <groups>
    </groups>
    <test started-at="2023-12-15T11:52:53 IST" name="Test" finished-at="2023-12-15T11:54:03 IST" duration-ms="69326">
      <class name="com.openCart.testCases.Register">
        <test-method is-config="true" signature="setUp()[pri:0, instance:com.openCart.testCases.Register@10e31a9a]" started-at="2023-12-15T11:52:53 IST" name="setUp" finished-at="2023-12-15T11:52:59 IST" duration-ms="5248" status="PASS">
          <reporter-output>
          </reporter-output>
        </test-method> <!-- setUp -->
        <test-method signature="TC_RF_009()[pri:0, instance:com.openCart.testCases.Register@10e31a9a]" started-at="2023-12-15T11:52:59 IST" name="TC_RF_009" finished-at="2023-12-15T11:53:01 IST" duration-ms="1953" status="PASS">
          <reporter-output>
          </reporter-output>
        </test-method> <!-- TC_RF_009 -->
        <test-method is-config="true" signature="tearDown()[pri:0, instance:com.openCart.testCases.Register@10e31a9a]" started-at="2023-12-15T11:53:01 IST" name="tearDown" finished-at="2023-12-15T11:53:01 IST" duration-ms="874" status="PASS">
          <reporter-output>
          </reporter-output>
        </test-method> <!-- tearDown -->
        <test-method is-config="true" signature="setUp()[pri:0, instance:com.openCart.testCases.Register@10e31a9a]" started-at="2023-12-15T11:53:01 IST" name="setUp" finished-at="2023-12-15T11:53:06 IST" duration-ms="4701" status="PASS">
          <reporter-output>
          </reporter-output>
        </test-method> <!-- setUp -->
        <test-method signature="TC_RF_001()[pri:1, instance:com.openCart.testCases.Register@10e31a9a]" started-at="2023-12-15T11:53:06 IST" name="TC_RF_001" finished-at="2023-12-15T11:53:08 IST" duration-ms="1772" status="PASS">
          <reporter-output>
          </reporter-output>
        </test-method> <!-- TC_RF_001 -->
        <test-method is-config="true" signature="tearDown()[pri:0, instance:com.openCart.testCases.Register@10e31a9a]" started-at="2023-12-15T11:53:08 IST" name="tearDown" finished-at="2023-12-15T11:53:09 IST" duration-ms="876" status="PASS">
          <reporter-output>
          </reporter-output>
        </test-method> <!-- tearDown -->
        <test-method is-config="true" signature="setUp()[pri:0, instance:com.openCart.testCases.Register@10e31a9a]" started-at="2023-12-15T11:53:09 IST" name="setUp" finished-at="2023-12-15T11:53:14 IST" duration-ms="5148" status="PASS">
          <reporter-output>
          </reporter-output>
        </test-method> <!-- setUp -->
        <test-method signature="TC_RF_003()[pri:3, instance:com.openCart.testCases.Register@10e31a9a]" started-at="2023-12-15T11:53:14 IST" name="TC_RF_003" finished-at="2023-12-15T11:53:16 IST" duration-ms="2190" status="PASS">
          <reporter-output>
          </reporter-output>
        </test-method> <!-- TC_RF_003 -->
        <test-method is-config="true" signature="tearDown()[pri:0, instance:com.openCart.testCases.Register@10e31a9a]" started-at="2023-12-15T11:53:16 IST" name="tearDown" finished-at="2023-12-15T11:53:17 IST" duration-ms="848" status="PASS">
          <reporter-output>
          </reporter-output>
        </test-method> <!-- tearDown -->
        <test-method is-config="true" signature="setUp()[pri:0, instance:com.openCart.testCases.Register@10e31a9a]" started-at="2023-12-15T11:53:17 IST" name="setUp" finished-at="2023-12-15T11:53:21 IST" duration-ms="4378" status="PASS">
          <reporter-output>
          </reporter-output>
        </test-method> <!-- setUp -->
        <test-method signature="TC_RF_004()[pri:4, instance:com.openCart.testCases.Register@10e31a9a]" started-at="2023-12-15T11:53:21 IST" name="TC_RF_004" finished-at="2023-12-15T11:53:23 IST" duration-ms="1249" status="PASS">
          <reporter-output>
          </reporter-output>
        </test-method> <!-- TC_RF_004 -->
        <test-method is-config="true" signature="tearDown()[pri:0, instance:com.openCart.testCases.Register@10e31a9a]" started-at="2023-12-15T11:53:23 IST" name="tearDown" finished-at="2023-12-15T11:53:24 IST" duration-ms="919" status="PASS">
          <reporter-output>
          </reporter-output>
        </test-method> <!-- tearDown -->
        <test-method is-config="true" signature="setUp()[pri:0, instance:com.openCart.testCases.Register@10e31a9a]" started-at="2023-12-15T11:53:24 IST" name="setUp" finished-at="2023-12-15T11:53:28 IST" duration-ms="4777" status="PASS">
          <reporter-output>
          </reporter-output>
        </test-method> <!-- setUp -->
        <test-method signature="TC_RF_005()[pri:5, instance:com.openCart.testCases.Register@10e31a9a]" started-at="2023-12-15T11:53:28 IST" name="TC_RF_005" finished-at="2023-12-15T11:53:31 IST" duration-ms="2465" status="PASS">
          <reporter-output>
          </reporter-output>
        </test-method> <!-- TC_RF_005 -->
        <test-method is-config="true" signature="tearDown()[pri:0, instance:com.openCart.testCases.Register@10e31a9a]" started-at="2023-12-15T11:53:31 IST" name="tearDown" finished-at="2023-12-15T11:53:32 IST" duration-ms="876" status="PASS">
          <reporter-output>
          </reporter-output>
        </test-method> <!-- tearDown -->
        <test-method is-config="true" signature="setUp()[pri:0, instance:com.openCart.testCases.Register@10e31a9a]" started-at="2023-12-15T11:53:32 IST" name="setUp" finished-at="2023-12-15T11:53:37 IST" duration-ms="4872" status="PASS">
          <reporter-output>
          </reporter-output>
        </test-method> <!-- setUp -->
        <test-method signature="TC_RF_006()[pri:6, instance:com.openCart.testCases.Register@10e31a9a]" started-at="2023-12-15T11:53:37 IST" name="TC_RF_006" finished-at="2023-12-15T11:53:39 IST" duration-ms="2503" status="PASS">
          <reporter-output>
          </reporter-output>
        </test-method> <!-- TC_RF_006 -->
        <test-method is-config="true" signature="tearDown()[pri:0, instance:com.openCart.testCases.Register@10e31a9a]" started-at="2023-12-15T11:53:39 IST" name="tearDown" finished-at="2023-12-15T11:53:40 IST" duration-ms="831" status="PASS">
          <reporter-output>
          </reporter-output>
        </test-method> <!-- tearDown -->
        <test-method is-config="true" signature="setUp()[pri:0, instance:com.openCart.testCases.Register@10e31a9a]" started-at="2023-12-15T11:53:40 IST" name="setUp" finished-at="2023-12-15T11:53:44 IST" duration-ms="4554" status="PASS">
          <reporter-output>
          </reporter-output>
        </test-method> <!-- setUp -->
        <test-method signature="TC_RF_007()[pri:7, instance:com.openCart.testCases.Register@10e31a9a]" started-at="2023-12-15T11:53:44 IST" name="TC_RF_007" finished-at="2023-12-15T11:53:47 IST" duration-ms="2234" status="PASS">
          <reporter-output>
          </reporter-output>
        </test-method> <!-- TC_RF_007 -->
        <test-method is-config="true" signature="tearDown()[pri:0, instance:com.openCart.testCases.Register@10e31a9a]" started-at="2023-12-15T11:53:47 IST" name="tearDown" finished-at="2023-12-15T11:53:48 IST" duration-ms="846" status="PASS">
          <reporter-output>
          </reporter-output>
        </test-method> <!-- tearDown -->
        <test-method is-config="true" signature="setUp()[pri:0, instance:com.openCart.testCases.Register@10e31a9a]" started-at="2023-12-15T11:53:48 IST" name="setUp" finished-at="2023-12-15T11:53:52 IST" duration-ms="4507" status="PASS">
          <reporter-output>
          </reporter-output>
        </test-method> <!-- setUp -->
        <test-method signature="TC_RF_008()[pri:8, instance:com.openCart.testCases.Register@10e31a9a]" started-at="2023-12-15T11:53:52 IST" name="TC_RF_008" finished-at="2023-12-15T11:54:02 IST" duration-ms="9760" status="PASS">
          <reporter-output>
          </reporter-output>
        </test-method> <!-- TC_RF_008 -->
        <test-method is-config="true" signature="tearDown()[pri:0, instance:com.openCart.testCases.Register@10e31a9a]" started-at="2023-12-15T11:54:02 IST" name="tearDown" finished-at="2023-12-15T11:54:03 IST" duration-ms="887" status="PASS">
          <reporter-output>
          </reporter-output>
        </test-method> <!-- tearDown -->
      </class> <!-- com.openCart.testCases.Register -->
    </test> <!-- Test -->
  </suite> <!-- Suite -->
</testng-results>
