<?xml version="1.0" encoding="UTF-8"?>
<testng-results ignored="0" total="6" passed="6" failed="0" skipped="0">
  <reporter-output>
  </reporter-output>
  <suite started-at="2023-12-11T11:15:58 IST" name="Default suite" finished-at="2023-12-11T11:16:43 IST" duration-ms="44866">
    <groups>
    </groups>
    <test started-at="2023-12-11T11:15:58 IST" name="Default test" finished-at="2023-12-11T11:16:43 IST" duration-ms="44866">
      <class name="com.openCart.testCases.Login">
        <test-method is-config="true" signature="setUp()[pri:0, instance:com.openCart.testCases.Login@6c64cb25]" started-at="2023-12-11T11:15:58 IST" name="setUp" finished-at="2023-12-11T11:16:06 IST" duration-ms="7938" status="PASS">
          <reporter-output>
          </reporter-output>
        </test-method> <!-- setUp -->
        <test-method signature="TC_LF_005()[pri:0, instance:com.openCart.testCases.Login@6c64cb25]" started-at="2023-12-11T11:16:06 IST" name="TC_LF_005" finished-at="2023-12-11T11:16:07 IST" duration-ms="973" status="PASS">
          <reporter-output>
          </reporter-output>
        </test-method> <!-- TC_LF_005 -->
        <test-method is-config="true" signature="tearDown()[pri:0, instance:com.openCart.testCases.Login@6c64cb25]" started-at="2023-12-11T11:16:07 IST" name="tearDown" finished-at="2023-12-11T11:16:08 IST" duration-ms="849" status="PASS">
          <reporter-output>
          </reporter-output>
        </test-method> <!-- tearDown -->
        <test-method is-config="true" signature="setUp()[pri:0, instance:com.openCart.testCases.Login@6c64cb25]" started-at="2023-12-11T11:16:08 IST" name="setUp" finished-at="2023-12-11T11:16:12 IST" duration-ms="4569" status="PASS">
          <reporter-output>
          </reporter-output>
        </test-method> <!-- setUp -->
        <test-method signature="TC_LF_013()[pri:0, instance:com.openCart.testCases.Login@6c64cb25]" started-at="2023-12-11T11:16:12 IST" name="TC_LF_013" finished-at="2023-12-11T11:16:13 IST" duration-ms="635" status="PASS">
          <reporter-output>
          </reporter-output>
        </test-method> <!-- TC_LF_013 -->
        <test-method is-config="true" signature="tearDown()[pri:0, instance:com.openCart.testCases.Login@6c64cb25]" started-at="2023-12-11T11:16:13 IST" name="tearDown" finished-at="2023-12-11T11:16:14 IST" duration-ms="996" status="PASS">
          <reporter-output>
          </reporter-output>
        </test-method> <!-- tearDown -->
        <test-method is-config="true" signature="setUp()[pri:0, instance:com.openCart.testCases.Login@6c64cb25]" started-at="2023-12-11T11:16:14 IST" name="setUp" finished-at="2023-12-11T11:16:19 IST" duration-ms="4730" status="PASS">
          <reporter-output>
          </reporter-output>
        </test-method> <!-- setUp -->
        <test-method signature="TC_LF_001()[pri:1, instance:com.openCart.testCases.Login@6c64cb25]" started-at="2023-12-11T11:16:19 IST" name="TC_LF_001" finished-at="2023-12-11T11:16:20 IST" duration-ms="1333" status="PASS">
          <reporter-output>
          </reporter-output>
        </test-method> <!-- TC_LF_001 -->
        <test-method is-config="true" signature="tearDown()[pri:0, instance:com.openCart.testCases.Login@6c64cb25]" started-at="2023-12-11T11:16:20 IST" name="tearDown" finished-at="2023-12-11T11:16:21 IST" duration-ms="867" status="PASS">
          <reporter-output>
          </reporter-output>
        </test-method> <!-- tearDown -->
        <test-method is-config="true" signature="setUp()[pri:0, instance:com.openCart.testCases.Login@6c64cb25]" started-at="2023-12-11T11:16:21 IST" name="setUp" finished-at="2023-12-11T11:16:27 IST" duration-ms="6382" status="PASS">
          <reporter-output>
          </reporter-output>
        </test-method> <!-- setUp -->
        <test-method signature="TC_LF_002()[pri:2, instance:com.openCart.testCases.Login@6c64cb25]" started-at="2023-12-11T11:16:27 IST" name="TC_LF_002" finished-at="2023-12-11T11:16:29 IST" duration-ms="1266" status="PASS">
          <reporter-output>
          </reporter-output>
        </test-method> <!-- TC_LF_002 -->
        <test-method is-config="true" signature="tearDown()[pri:0, instance:com.openCart.testCases.Login@6c64cb25]" started-at="2023-12-11T11:16:29 IST" name="tearDown" finished-at="2023-12-11T11:16:30 IST" duration-ms="890" status="PASS">
          <reporter-output>
          </reporter-output>
        </test-method> <!-- tearDown -->
        <test-method is-config="true" signature="setUp()[pri:0, instance:com.openCart.testCases.Login@6c64cb25]" started-at="2023-12-11T11:16:30 IST" name="setUp" finished-at="2023-12-11T11:16:35 IST" duration-ms="5106" status="PASS">
          <reporter-output>
          </reporter-output>
        </test-method> <!-- setUp -->
        <test-method signature="TC_LF_003()[pri:3, instance:com.openCart.testCases.Login@6c64cb25]" started-at="2023-12-11T11:16:35 IST" name="TC_LF_003" finished-at="2023-12-11T11:16:36 IST" duration-ms="1024" status="PASS">
          <reporter-output>
          </reporter-output>
        </test-method> <!-- TC_LF_003 -->
        <test-method is-config="true" signature="tearDown()[pri:0, instance:com.openCart.testCases.Login@6c64cb25]" started-at="2023-12-11T11:16:36 IST" name="tearDown" finished-at="2023-12-11T11:16:37 IST" duration-ms="883" status="PASS">
          <reporter-output>
          </reporter-output>
        </test-method> <!-- tearDown -->
        <test-method is-config="true" signature="setUp()[pri:0, instance:com.openCart.testCases.Login@6c64cb25]" started-at="2023-12-11T11:16:37 IST" name="setUp" finished-at="2023-12-11T11:16:41 IST" duration-ms="4381" status="PASS">
          <reporter-output>
          </reporter-output>
        </test-method> <!-- setUp -->
        <test-method signature="TC_LF_004()[pri:4, instance:com.openCart.testCases.Login@6c64cb25]" started-at="2023-12-11T11:16:41 IST" name="TC_LF_004" finished-at="2023-12-11T11:16:42 IST" duration-ms="1179" status="PASS">
          <reporter-output>
          </reporter-output>
        </test-method> <!-- TC_LF_004 -->
        <test-method is-config="true" signature="tearDown()[pri:0, instance:com.openCart.testCases.Login@6c64cb25]" started-at="2023-12-11T11:16:42 IST" name="tearDown" finished-at="2023-12-11T11:16:43 IST" duration-ms="804" status="PASS">
          <reporter-output>
          </reporter-output>
        </test-method> <!-- tearDown -->
      </class> <!-- com.openCart.testCases.Login -->
    </test> <!-- Default test -->
  </suite> <!-- Default suite -->
</testng-results>
