<?xml version="1.0" encoding="UTF-8"?>
<testng-results ignored="0" total="1" passed="1" failed="0" skipped="0">
  <reporter-output>
  </reporter-output>
  <suite started-at="2023-12-11T11:36:22 IST" name="Default suite" finished-at="2023-12-11T11:36:28 IST" duration-ms="6385">
    <groups>
    </groups>
    <test started-at="2023-12-11T11:36:22 IST" name="Default test" finished-at="2023-12-11T11:36:28 IST" duration-ms="6385">
      <class name="com.openCart.testCases.Login">
        <test-method is-config="true" signature="setUp()[pri:0, instance:com.openCart.testCases.Login@5158b42f]" started-at="2023-12-11T11:36:22 IST" name="setUp" finished-at="2023-12-11T11:36:26 IST" duration-ms="4839" status="PASS">
          <reporter-output>
          </reporter-output>
        </test-method> <!-- setUp -->
        <test-method signature="TC_LF_008()[pri:0, instance:com.openCart.testCases.Login@5158b42f]" started-at="2023-12-11T11:36:26 IST" name="TC_LF_008" finished-at="2023-12-11T11:36:27 IST" duration-ms="605" status="PASS">
          <reporter-output>
          </reporter-output>
        </test-method> <!-- TC_LF_008 -->
        <test-method is-config="true" signature="tearDown()[pri:0, instance:com.openCart.testCases.Login@5158b42f]" started-at="2023-12-11T11:36:27 IST" name="tearDown" finished-at="2023-12-11T11:36:28 IST" duration-ms="891" status="PASS">
          <reporter-output>
          </reporter-output>
        </test-method> <!-- tearDown -->
      </class> <!-- com.openCart.testCases.Login -->
    </test> <!-- Default test -->
  </suite> <!-- Default suite -->
</testng-results>
