<?xml version="1.0" encoding="UTF-8"?>
<testng-results ignored="0" total="1" passed="1" failed="0" skipped="0">
  <reporter-output>
  </reporter-output>
  <suite started-at="2023-12-12T11:29:16 IST" name="Default suite" finished-at="2023-12-12T11:29:26 IST" duration-ms="10541">
    <groups>
    </groups>
    <test started-at="2023-12-12T11:29:16 IST" name="Default test" finished-at="2023-12-12T11:29:26 IST" duration-ms="10541">
      <class name="com.openCart.testCases.Register">
        <test-method is-config="true" signature="setUp()[pri:0, instance:com.openCart.testCases.Register@223d2c72]" started-at="2023-12-12T11:29:16 IST" name="setUp" finished-at="2023-12-12T11:29:22 IST" duration-ms="6695" status="PASS">
          <reporter-output>
          </reporter-output>
        </test-method> <!-- setUp -->
        <test-method signature="TC_RF_001()[pri:1, instance:com.openCart.testCases.Register@223d2c72]" started-at="2023-12-12T11:29:22 IST" name="TC_RF_001" finished-at="2023-12-12T11:29:25 IST" duration-ms="2497" status="PASS">
          <reporter-output>
          </reporter-output>
        </test-method> <!-- TC_RF_001 -->
        <test-method is-config="true" signature="tearDown()[pri:0, instance:com.openCart.testCases.Register@223d2c72]" started-at="2023-12-12T11:29:25 IST" name="tearDown" finished-at="2023-12-12T11:29:26 IST" duration-ms="1299" status="PASS">
          <reporter-output>
          </reporter-output>
        </test-method> <!-- tearDown -->
      </class> <!-- com.openCart.testCases.Register -->
    </test> <!-- Default test -->
  </suite> <!-- Default suite -->
</testng-results>
