<?xml version="1.0" encoding="UTF-8"?>
<testng-results ignored="0" total="1" passed="1" failed="0" skipped="0">
  <reporter-output>
  </reporter-output>
  <suite started-at="2023-12-18T11:09:32 IST" name="Default suite" finished-at="2023-12-18T11:09:39 IST" duration-ms="7310">
    <groups>
    </groups>
    <test started-at="2023-12-18T11:09:32 IST" name="Default test" finished-at="2023-12-18T11:09:39 IST" duration-ms="7310">
      <class name="com.openCart.testCases.AddToCart">
        <test-method is-config="true" signature="setUp()[pri:0, instance:com.openCart.testCases.AddToCart@1623b78d]" started-at="2023-12-18T11:09:32 IST" name="setUp" finished-at="2023-12-18T11:09:37 IST" duration-ms="5500" status="PASS">
          <reporter-output>
          </reporter-output>
        </test-method> <!-- setUp -->
        <test-method signature="TC_ATC_004()[pri:4, instance:com.openCart.testCases.AddToCart@1623b78d]" started-at="2023-12-18T11:09:37 IST" name="TC_ATC_004" finished-at="2023-12-18T11:09:39 IST" duration-ms="1767" status="PASS">
          <reporter-output>
          </reporter-output>
        </test-method> <!-- TC_ATC_004 -->
        <test-method is-config="true" signature="tearDown()[pri:0, instance:com.openCart.testCases.AddToCart@1623b78d]" started-at="2023-12-18T11:09:39 IST" name="tearDown" finished-at="2023-12-18T11:09:39 IST" duration-ms="1" status="PASS">
          <reporter-output>
          </reporter-output>
        </test-method> <!-- tearDown -->
      </class> <!-- com.openCart.testCases.AddToCart -->
    </test> <!-- Default test -->
  </suite> <!-- Default suite -->
</testng-results>
