<?xml version="1.0" encoding="UTF-8"?>
<testng-results ignored="0" total="14" passed="14" failed="0" skipped="0">
  <reporter-output>
  </reporter-output>
  <suite started-at="2023-12-13T09:37:42 IST" name="Suite" finished-at="2023-12-13T09:39:16 IST" duration-ms="93825">
    <groups>
    </groups>
    <test started-at="2023-12-13T09:37:42 IST" name="Test" finished-at="2023-12-13T09:39:16 IST" duration-ms="93825">
      <class name="com.openCart.testCases.Search">
        <test-method is-config="true" signature="setUp()[pri:0, instance:com.openCart.testCases.Search@14cd1699]" started-at="2023-12-13T09:39:05 IST" name="setUp" finished-at="2023-12-13T09:39:09 IST" duration-ms="4372" status="PASS">
          <reporter-output>
          </reporter-output>
        </test-method> <!-- setUp -->
        <test-method signature="TC_SF_002()[pri:0, instance:com.openCart.testCases.Search@14cd1699]" started-at="2023-12-13T09:39:09 IST" name="TC_SF_002" finished-at="2023-12-13T09:39:09 IST" duration-ms="402" status="PASS">
          <reporter-output>
          </reporter-output>
        </test-method> <!-- TC_SF_002 -->
        <test-method is-config="true" signature="tearDown()[pri:0, instance:com.openCart.testCases.Search@14cd1699]" started-at="2023-12-13T09:39:09 IST" name="tearDown" finished-at="2023-12-13T09:39:10 IST" duration-ms="816" status="PASS">
          <reporter-output>
          </reporter-output>
        </test-method> <!-- tearDown -->
        <test-method is-config="true" signature="setUp()[pri:0, instance:com.openCart.testCases.Search@14cd1699]" started-at="2023-12-13T09:39:10 IST" name="setUp" finished-at="2023-12-13T09:39:15 IST" duration-ms="4486" status="PASS">
          <reporter-output>
          </reporter-output>
        </test-method> <!-- setUp -->
        <test-method signature="TC_SF_001()[pri:1, instance:com.openCart.testCases.Search@14cd1699]" started-at="2023-12-13T09:39:15 IST" name="TC_SF_001" finished-at="2023-12-13T09:39:15 IST" duration-ms="551" status="PASS">
          <reporter-output>
          </reporter-output>
        </test-method> <!-- TC_SF_001 -->
        <test-method is-config="true" signature="tearDown()[pri:0, instance:com.openCart.testCases.Search@14cd1699]" started-at="2023-12-13T09:39:15 IST" name="tearDown" finished-at="2023-12-13T09:39:16 IST" duration-ms="965" status="PASS">
          <reporter-output>
          </reporter-output>
        </test-method> <!-- tearDown -->
      </class> <!-- com.openCart.testCases.Search -->
      <class name="com.openCart.testCases.Login">
        <test-method is-config="true" signature="setUp()[pri:0, instance:com.openCart.testCases.Login@1bd4fdd]" started-at="2023-12-13T09:37:42 IST" name="setUp" finished-at="2023-12-13T09:37:50 IST" duration-ms="7327" status="PASS">
          <reporter-output>
          </reporter-output>
        </test-method> <!-- setUp -->
        <test-method signature="TC_LF_001(java.lang.String,java.lang.String)[pri:1, instance:com.openCart.testCases.Login@1bd4fdd]" started-at="2023-12-13T09:37:50 IST" name="TC_LF_001" data-provider="testData" finished-at="2023-12-13T09:37:51 IST" duration-ms="1367" status="PASS">
          <params>
            <param index="0">
              <value>
                <![CDATA[bajay1@gmail.com]]>
              </value>
            </param>
            <param index="1">
              <value>
                <![CDATA[12345]]>
              </value>
            </param>
          </params>
          <reporter-output>
          </reporter-output>
        </test-method> <!-- TC_LF_001 -->
        <test-method is-config="true" signature="tearDown()[pri:0, instance:com.openCart.testCases.Login@1bd4fdd]" started-at="2023-12-13T09:37:51 IST" name="tearDown" finished-at="2023-12-13T09:37:52 IST" duration-ms="992" status="PASS">
          <reporter-output>
          </reporter-output>
        </test-method> <!-- tearDown -->
        <test-method is-config="true" signature="setUp()[pri:0, instance:com.openCart.testCases.Login@1bd4fdd]" started-at="2023-12-13T09:37:52 IST" name="setUp" finished-at="2023-12-13T09:37:57 IST" duration-ms="4699" status="PASS">
          <reporter-output>
          </reporter-output>
        </test-method> <!-- setUp -->
        <test-method signature="TC_LF_001(java.lang.String,java.lang.String)[pri:1, instance:com.openCart.testCases.Login@1bd4fdd]" started-at="2023-12-13T09:37:57 IST" name="TC_LF_001" data-provider="testData" finished-at="2023-12-13T09:37:58 IST" duration-ms="1213" status="PASS">
          <params>
            <param index="0">
              <value>
                <![CDATA[bajay2@gmail.com]]>
              </value>
            </param>
            <param index="1">
              <value>
                <![CDATA[123456]]>
              </value>
            </param>
          </params>
          <reporter-output>
          </reporter-output>
        </test-method> <!-- TC_LF_001 -->
        <test-method is-config="true" signature="tearDown()[pri:0, instance:com.openCart.testCases.Login@1bd4fdd]" started-at="2023-12-13T09:37:58 IST" name="tearDown" finished-at="2023-12-13T09:37:59 IST" duration-ms="932" status="PASS">
          <reporter-output>
          </reporter-output>
        </test-method> <!-- tearDown -->
        <test-method is-config="true" signature="setUp()[pri:0, instance:com.openCart.testCases.Login@1bd4fdd]" started-at="2023-12-13T09:37:59 IST" name="setUp" finished-at="2023-12-13T09:38:04 IST" duration-ms="4832" status="PASS">
          <reporter-output>
          </reporter-output>
        </test-method> <!-- setUp -->
        <test-method signature="TC_LF_001(java.lang.String,java.lang.String)[pri:1, instance:com.openCart.testCases.Login@1bd4fdd]" started-at="2023-12-13T09:38:04 IST" name="TC_LF_001" data-provider="testData" finished-at="2023-12-13T09:38:05 IST" duration-ms="1521" status="PASS">
          <params>
            <param index="0">
              <value>
                <![CDATA[bajay3@gmail.com]]>
              </value>
            </param>
            <param index="1">
              <value>
                <![CDATA[123456]]>
              </value>
            </param>
          </params>
          <reporter-output>
          </reporter-output>
        </test-method> <!-- TC_LF_001 -->
        <test-method is-config="true" signature="tearDown()[pri:0, instance:com.openCart.testCases.Login@1bd4fdd]" started-at="2023-12-13T09:38:05 IST" name="tearDown" finished-at="2023-12-13T09:38:06 IST" duration-ms="1032" status="PASS">
          <reporter-output>
          </reporter-output>
        </test-method> <!-- tearDown -->
        <test-method is-config="true" signature="setUp()[pri:0, instance:com.openCart.testCases.Login@1bd4fdd]" started-at="2023-12-13T09:38:06 IST" name="setUp" finished-at="2023-12-13T09:38:12 IST" duration-ms="5244" status="PASS">
          <reporter-output>
          </reporter-output>
        </test-method> <!-- setUp -->
        <test-method signature="TC_LF_002()[pri:2, instance:com.openCart.testCases.Login@1bd4fdd]" started-at="2023-12-13T09:38:12 IST" name="TC_LF_002" finished-at="2023-12-13T09:38:13 IST" duration-ms="1097" status="PASS">
          <reporter-output>
          </reporter-output>
        </test-method> <!-- TC_LF_002 -->
        <test-method is-config="true" signature="tearDown()[pri:0, instance:com.openCart.testCases.Login@1bd4fdd]" started-at="2023-12-13T09:38:13 IST" name="tearDown" finished-at="2023-12-13T09:38:14 IST" duration-ms="911" status="PASS">
          <reporter-output>
          </reporter-output>
        </test-method> <!-- tearDown -->
        <test-method is-config="true" signature="setUp()[pri:0, instance:com.openCart.testCases.Login@1bd4fdd]" started-at="2023-12-13T09:38:14 IST" name="setUp" finished-at="2023-12-13T09:38:18 IST" duration-ms="4377" status="PASS">
          <reporter-output>
          </reporter-output>
        </test-method> <!-- setUp -->
        <test-method signature="TC_LF_003()[pri:3, instance:com.openCart.testCases.Login@1bd4fdd]" started-at="2023-12-13T09:38:18 IST" name="TC_LF_003" finished-at="2023-12-13T09:38:19 IST" duration-ms="1043" status="PASS">
          <reporter-output>
          </reporter-output>
        </test-method> <!-- TC_LF_003 -->
        <test-method is-config="true" signature="tearDown()[pri:0, instance:com.openCart.testCases.Login@1bd4fdd]" started-at="2023-12-13T09:38:19 IST" name="tearDown" finished-at="2023-12-13T09:38:20 IST" duration-ms="747" status="PASS">
          <reporter-output>
          </reporter-output>
        </test-method> <!-- tearDown -->
        <test-method is-config="true" signature="setUp()[pri:0, instance:com.openCart.testCases.Login@1bd4fdd]" started-at="2023-12-13T09:38:20 IST" name="setUp" finished-at="2023-12-13T09:38:24 IST" duration-ms="4333" status="PASS">
          <reporter-output>
          </reporter-output>
        </test-method> <!-- setUp -->
        <test-method signature="TC_LF_004()[pri:4, instance:com.openCart.testCases.Login@1bd4fdd]" started-at="2023-12-13T09:38:24 IST" name="TC_LF_004" finished-at="2023-12-13T09:38:25 IST" duration-ms="1045" status="PASS">
          <reporter-output>
          </reporter-output>
        </test-method> <!-- TC_LF_004 -->
        <test-method is-config="true" signature="tearDown()[pri:0, instance:com.openCart.testCases.Login@1bd4fdd]" started-at="2023-12-13T09:38:25 IST" name="tearDown" finished-at="2023-12-13T09:38:26 IST" duration-ms="839" status="PASS">
          <reporter-output>
          </reporter-output>
        </test-method> <!-- tearDown -->
        <test-method is-config="true" signature="setUp()[pri:0, instance:com.openCart.testCases.Login@1bd4fdd]" started-at="2023-12-13T09:38:26 IST" name="setUp" finished-at="2023-12-13T09:38:30 IST" duration-ms="4373" status="PASS">
          <reporter-output>
          </reporter-output>
        </test-method> <!-- setUp -->
        <test-method signature="TC_LF_005()[pri:5, instance:com.openCart.testCases.Login@1bd4fdd]" started-at="2023-12-13T09:38:30 IST" name="TC_LF_005" finished-at="2023-12-13T09:38:31 IST" duration-ms="1030" status="PASS">
          <reporter-output>
          </reporter-output>
        </test-method> <!-- TC_LF_005 -->
        <test-method is-config="true" signature="tearDown()[pri:0, instance:com.openCart.testCases.Login@1bd4fdd]" started-at="2023-12-13T09:38:31 IST" name="tearDown" finished-at="2023-12-13T09:38:32 IST" duration-ms="707" status="PASS">
          <reporter-output>
          </reporter-output>
        </test-method> <!-- tearDown -->
        <test-method is-config="true" signature="setUp()[pri:0, instance:com.openCart.testCases.Login@1bd4fdd]" started-at="2023-12-13T09:38:32 IST" name="setUp" finished-at="2023-12-13T09:38:36 IST" duration-ms="4431" status="PASS">
          <reporter-output>
          </reporter-output>
        </test-method> <!-- setUp -->
        <test-method signature="TC_LF_006()[pri:6, instance:com.openCart.testCases.Login@1bd4fdd]" started-at="2023-12-13T09:38:36 IST" name="TC_LF_006" finished-at="2023-12-13T09:38:37 IST" duration-ms="940" status="PASS">
          <reporter-output>
          </reporter-output>
        </test-method> <!-- TC_LF_006 -->
        <test-method is-config="true" signature="tearDown()[pri:0, instance:com.openCart.testCases.Login@1bd4fdd]" started-at="2023-12-13T09:38:37 IST" name="tearDown" finished-at="2023-12-13T09:38:38 IST" duration-ms="870" status="PASS">
          <reporter-output>
          </reporter-output>
        </test-method> <!-- tearDown -->
        <test-method is-config="true" signature="setUp()[pri:0, instance:com.openCart.testCases.Login@1bd4fdd]" started-at="2023-12-13T09:38:38 IST" name="setUp" finished-at="2023-12-13T09:38:43 IST" duration-ms="4550" status="PASS">
          <reporter-output>
          </reporter-output>
        </test-method> <!-- setUp -->
        <test-method signature="TC_LF_008()[pri:7, instance:com.openCart.testCases.Login@1bd4fdd]" started-at="2023-12-13T09:38:43 IST" name="TC_LF_008" finished-at="2023-12-13T09:38:43 IST" duration-ms="607" status="PASS">
          <reporter-output>
          </reporter-output>
        </test-method> <!-- TC_LF_008 -->
        <test-method is-config="true" signature="tearDown()[pri:0, instance:com.openCart.testCases.Login@1bd4fdd]" started-at="2023-12-13T09:38:43 IST" name="tearDown" finished-at="2023-12-13T09:38:44 IST" duration-ms="807" status="PASS">
          <reporter-output>
          </reporter-output>
        </test-method> <!-- tearDown -->
        <test-method is-config="true" signature="setUp()[pri:0, instance:com.openCart.testCases.Login@1bd4fdd]" started-at="2023-12-13T09:38:44 IST" name="setUp" finished-at="2023-12-13T09:38:49 IST" duration-ms="4424" status="PASS">
          <reporter-output>
          </reporter-output>
        </test-method> <!-- setUp -->
        <test-method signature="TC_LF_013()[pri:8, instance:com.openCart.testCases.Login@1bd4fdd]" started-at="2023-12-13T09:38:49 IST" name="TC_LF_013" finished-at="2023-12-13T09:38:49 IST" duration-ms="554" status="PASS">
          <reporter-output>
          </reporter-output>
        </test-method> <!-- TC_LF_013 -->
        <test-method is-config="true" signature="tearDown()[pri:0, instance:com.openCart.testCases.Login@1bd4fdd]" started-at="2023-12-13T09:38:49 IST" name="tearDown" finished-at="2023-12-13T09:38:50 IST" duration-ms="803" status="PASS">
          <reporter-output>
          </reporter-output>
        </test-method> <!-- tearDown -->
      </class> <!-- com.openCart.testCases.Login -->
      <class name="com.openCart.testCases.Register">
        <test-method is-config="true" signature="setUp()[pri:0, instance:com.openCart.testCases.Register@76505305]" started-at="2023-12-13T09:38:50 IST" name="setUp" finished-at="2023-12-13T09:38:55 IST" duration-ms="4600" status="PASS">
          <reporter-output>
          </reporter-output>
        </test-method> <!-- setUp -->
        <test-method signature="TC_RF_001()[pri:1, instance:com.openCart.testCases.Register@76505305]" started-at="2023-12-13T09:38:55 IST" name="TC_RF_001" finished-at="2023-12-13T09:38:56 IST" duration-ms="1833" status="PASS">
          <reporter-output>
          </reporter-output>
        </test-method> <!-- TC_RF_001 -->
        <test-method is-config="true" signature="tearDown()[pri:0, instance:com.openCart.testCases.Register@76505305]" started-at="2023-12-13T09:38:56 IST" name="tearDown" finished-at="2023-12-13T09:38:57 IST" duration-ms="810" status="PASS">
          <reporter-output>
          </reporter-output>
        </test-method> <!-- tearDown -->
        <test-method is-config="true" signature="setUp()[pri:0, instance:com.openCart.testCases.Register@76505305]" started-at="2023-12-13T09:38:57 IST" name="setUp" finished-at="2023-12-13T09:39:02 IST" duration-ms="5066" status="PASS">
          <reporter-output>
          </reporter-output>
        </test-method> <!-- setUp -->
        <test-method signature="TC_RF_004()[pri:2, instance:com.openCart.testCases.Register@76505305]" started-at="2023-12-13T09:39:02 IST" name="TC_RF_004" finished-at="2023-12-13T09:39:04 IST" duration-ms="1373" status="PASS">
          <reporter-output>
          </reporter-output>
        </test-method> <!-- TC_RF_004 -->
        <test-method is-config="true" signature="tearDown()[pri:0, instance:com.openCart.testCases.Register@76505305]" started-at="2023-12-13T09:39:04 IST" name="tearDown" finished-at="2023-12-13T09:39:05 IST" duration-ms="791" status="PASS">
          <reporter-output>
          </reporter-output>
        </test-method> <!-- tearDown -->
      </class> <!-- com.openCart.testCases.Register -->
    </test> <!-- Test -->
  </suite> <!-- Suite -->
</testng-results>
