<?xml version="1.0" encoding="UTF-8"?>
<testng-results ignored="0" total="4" passed="4" failed="0" skipped="0">
  <reporter-output>
  </reporter-output>
  <suite started-at="2023-12-08T13:19:56 IST" name="Suite" finished-at="2023-12-08T13:20:26 IST" duration-ms="30749">
    <groups>
    </groups>
    <test started-at="2023-12-08T13:19:56 IST" name="Test" finished-at="2023-12-08T13:20:26 IST" duration-ms="30749">
      <class name="com.openCart.testCases.Login">
        <test-method is-config="true" signature="setUp()[pri:0, instance:com.openCart.testCases.Login@515aebb0]" started-at="2023-12-08T13:19:56 IST" name="setUp" finished-at="2023-12-08T13:20:04 IST" duration-ms="8336" status="PASS">
          <reporter-output>
          </reporter-output>
        </test-method> <!-- setUp -->
        <test-method signature="TC_LF_001()[pri:1, instance:com.openCart.testCases.Login@515aebb0]" started-at="2023-12-08T13:20:04 IST" name="TC_LF_001" finished-at="2023-12-08T13:20:05 IST" duration-ms="1273" status="PASS">
          <reporter-output>
          </reporter-output>
        </test-method> <!-- TC_LF_001 -->
        <test-method is-config="true" signature="tearDown()[pri:0, instance:com.openCart.testCases.Login@515aebb0]" started-at="2023-12-08T13:20:05 IST" name="tearDown" finished-at="2023-12-08T13:20:05 IST" duration-ms="257" status="PASS">
          <reporter-output>
          </reporter-output>
        </test-method> <!-- tearDown -->
        <test-method is-config="true" signature="setUp()[pri:0, instance:com.openCart.testCases.Login@515aebb0]" started-at="2023-12-08T13:20:05 IST" name="setUp" finished-at="2023-12-08T13:20:11 IST" duration-ms="5658" status="PASS">
          <reporter-output>
          </reporter-output>
        </test-method> <!-- setUp -->
        <test-method signature="TC_LF_002()[pri:2, instance:com.openCart.testCases.Login@515aebb0]" started-at="2023-12-08T13:20:11 IST" name="TC_LF_002" finished-at="2023-12-08T13:20:12 IST" duration-ms="1251" status="PASS">
          <reporter-output>
          </reporter-output>
        </test-method> <!-- TC_LF_002 -->
        <test-method is-config="true" signature="tearDown()[pri:0, instance:com.openCart.testCases.Login@515aebb0]" started-at="2023-12-08T13:20:12 IST" name="tearDown" finished-at="2023-12-08T13:20:13 IST" duration-ms="322" status="PASS">
          <reporter-output>
          </reporter-output>
        </test-method> <!-- tearDown -->
        <test-method is-config="true" signature="setUp()[pri:0, instance:com.openCart.testCases.Login@515aebb0]" started-at="2023-12-08T13:20:13 IST" name="setUp" finished-at="2023-12-08T13:20:18 IST" duration-ms="5423" status="PASS">
          <reporter-output>
          </reporter-output>
        </test-method> <!-- setUp -->
        <test-method signature="TC_LF_003()[pri:3, instance:com.openCart.testCases.Login@515aebb0]" started-at="2023-12-08T13:20:18 IST" name="TC_LF_003" finished-at="2023-12-08T13:20:19 IST" duration-ms="1104" status="PASS">
          <reporter-output>
          </reporter-output>
        </test-method> <!-- TC_LF_003 -->
        <test-method is-config="true" signature="tearDown()[pri:0, instance:com.openCart.testCases.Login@515aebb0]" started-at="2023-12-08T13:20:19 IST" name="tearDown" finished-at="2023-12-08T13:20:19 IST" duration-ms="227" status="PASS">
          <reporter-output>
          </reporter-output>
        </test-method> <!-- tearDown -->
        <test-method is-config="true" signature="setUp()[pri:0, instance:com.openCart.testCases.Login@515aebb0]" started-at="2023-12-08T13:20:19 IST" name="setUp" finished-at="2023-12-08T13:20:25 IST" duration-ms="5561" status="PASS">
          <reporter-output>
          </reporter-output>
        </test-method> <!-- setUp -->
        <test-method signature="TC_LF_004()[pri:4, instance:com.openCart.testCases.Login@515aebb0]" started-at="2023-12-08T13:20:25 IST" name="TC_LF_004" finished-at="2023-12-08T13:20:26 IST" duration-ms="1054" status="PASS">
          <reporter-output>
          </reporter-output>
        </test-method> <!-- TC_LF_004 -->
        <test-method is-config="true" signature="tearDown()[pri:0, instance:com.openCart.testCases.Login@515aebb0]" started-at="2023-12-08T13:20:26 IST" name="tearDown" finished-at="2023-12-08T13:20:26 IST" duration-ms="232" status="PASS">
          <reporter-output>
          </reporter-output>
        </test-method> <!-- tearDown -->
      </class> <!-- com.openCart.testCases.Login -->
    </test> <!-- Test -->
  </suite> <!-- Suite -->
</testng-results>
