<?xml version="1.0" encoding="UTF-8"?>
<testng-results ignored="0" total="1" passed="1" failed="0" skipped="0">
  <reporter-output>
  </reporter-output>
  <suite started-at="2023-12-19T11:22:12 IST" name="Default suite" finished-at="2023-12-19T11:22:19 IST" duration-ms="6800">
    <groups>
    </groups>
    <test started-at="2023-12-19T11:22:12 IST" name="Default test" finished-at="2023-12-19T11:22:19 IST" duration-ms="6800">
      <class name="com.openCart.testCases.Register">
        <test-method is-config="true" signature="setUp()[pri:0, instance:com.openCart.testCases.Register@67c27493]" started-at="2023-12-19T11:22:12 IST" name="setUp" finished-at="2023-12-19T11:22:17 IST" duration-ms="5304" status="PASS">
          <reporter-output>
          </reporter-output>
        </test-method> <!-- setUp -->
        <test-method signature="TC_RF_021()[pri:21, instance:com.openCart.testCases.Register@67c27493]" started-at="2023-12-19T11:22:17 IST" name="TC_RF_021" finished-at="2023-12-19T11:22:19 IST" duration-ms="1444" status="PASS">
          <reporter-output>
          </reporter-output>
        </test-method> <!-- TC_RF_021 -->
        <test-method is-config="true" signature="tearDown()[pri:0, instance:com.openCart.testCases.Register@67c27493]" started-at="2023-12-19T11:22:19 IST" name="tearDown" finished-at="2023-12-19T11:22:19 IST" duration-ms="0" status="PASS">
          <reporter-output>
          </reporter-output>
        </test-method> <!-- tearDown -->
      </class> <!-- com.openCart.testCases.Register -->
    </test> <!-- Default test -->
  </suite> <!-- Default suite -->
</testng-results>
